parsed_args = parse_commandline() = Dict{String, Any}("dataname" => "TwoCapital_julia_1000_frac_0.0005", "gamma" => 8.0, "Delta" => 1000.0, "rho" => 1.00001, "fraction" => 0.0005)
=============================================================
 Economy with two capital stocks: SYMMETRIC RETURNS          
 No tilting (xi is NOT state dependent)                      
 (3) Compute value function WITH ROBUSTNESS
----------------------------------
Iteration = 1
Distance = 7.490958241695989e-5
v max = -0.999925090417583
v min = -2.0000698571672744
d1 max = 5.0e-7
d1 min = 5.0e-7
d2 max = 0.001
d2 min = 0.001
h1 max = 0.004331732144554362
h1 min = -0.0006578308398672388
h2 max = 0.0061726109805437445
h2 min = 0.0011830479961221444
hz max = 0.0
hz min = 0.0
----------------------------------
----------------------------------
Iteration = 2
Distance = 7.504111991585294e-5
v max = -0.9998500492976672
v min = -2.0001397353706096
d1 max = 9.9975e-7
d1 min = 9.9975e-7
d2 max = 0.00098164789207544
d2 min = 0.000981644797316439
h1 max = 0.004329822432890804
h1 min = -0.0006629636629765254
h2 max = 0.006176958482178112
h2 min = 0.0011841723863102495
hz max = -1.249617232468303e-6
hz min = -1.2745015864901177e-6
----------------------------------
----------------------------------
Iteration = 3
Distance = 7.51730770571779e-5
v max = -0.99977487622061
v min = -2.0002096349653558
d1 max = 1.499250125e-6
d1 min = 1.499250125e-6
d2 max = 0.000963304977365548
d2 min = 0.000963298772973366
h1 max = 0.004329432665380719
h1 min = -0.0006681347993482457
h2 max = 0.006181336565261541
h2 min = 0.0011837691008196526
hz max = -2.4983734886463438e-6
hz min = -2.5747146858989822e-6
----------------------------------
----------------------------------
Iteration = 4
Distance = 7.530546833012242e-5
v max = -0.9996995707522799
v min = -2.0002795563202618
d1 max = 1.9985004999375e-6
d1 min = 1.9985004999375e-6
d2 max = 0.0009449712514361316
d2 min = 0.000944961922381321
h1 max = 0.004329060791404031
h1 min = -0.0006733448707112239
h2 max = 0.006185745644873674
h2 min = 0.001183339983614198
hz max = -3.7456976076377657e-6
hz min = -3.90187467502745e-6
----------------------------------
----------------------------------
Iteration = 5
Distance = 7.543830903222748e-5
v max = -0.9996241324432477
v min = -2.0003494998182907
d1 max = 2.497501249687531e-6
d1 min = 2.497501249687531e-6
d2 max = 0.0009266467098566124
d2 min = 0.0009266342409531386
h1 max = 0.004328707334749448
h1 min = -0.0006785945236374541
h2 max = 0.006190186154411771
h2 min = 0.0011828842977245559
hz max = -4.990965107309897e-6
hz min = -5.25729122458074e-6
----------------------------------
----------------------------------
Iteration = 6
Distance = 7.55716153236774e-5
v max = -0.999548560827924
v min = -2.000419465857477
d1 max = 2.9962524990626874e-6
d1 min = 2.9962524990626874e-6
d2 max = 0.000908331348200033
d2 min = 0.0009083157241039473
h1 max = 0.004328372841277886
h1 min = -0.0006838844311089054
h2 max = 0.006194658546979149
h2 min = 0.001182401277407502
hz max = -6.233493733964757e-6
hz min = -6.642353324037842e-6
----------------------------------
----------------------------------
Iteration = 7
Distance = 7.570540428458727e-5
v max = -0.9994728554236394
v min = -2.0004894548518526
d1 max = 3.494754372813156e-6
d1 min = 3.494754372813156e-6
d2 max = 0.000890025162043065
d2 min = 0.0008900063672473557
h1 max = 0.004328057880441724
h1 min = -0.0006892152941948108
h2 max = 0.006199163296888035
h2 min = 0.001181890126445844
hz max = -7.4725386572938035e-6
hz min = -8.058534649024729e-6
----------------------------------
----------------------------------
Iteration = 8
Distance = 7.583969397628731e-5
v max = -0.9993970157296631
v min = -2.000559467232432
d1 max = 3.99300699562675e-6
d1 min = 3.99300699562675e-6
d2 max = 0.0008717281469660166
d2 min = 0.000871706165802249
h1 max = 0.004327763046943188
h1 min = -0.00069458784385127
h2 max = 0.006203700901280894
h2 min = 0.001181350016319108
hz max = -8.707287270093289e-6
hz min = -9.507399334474087e-6
----------------------------------
----------------------------------
Iteration = 9
Distance = 7.597450350804724e-5
v max = -0.9993210412261551
v min = -2.000629503448266
d1 max = 4.491010492128937e-6
d1 min = 4.491010492128937e-6
d2 max = 0.0008534402985528401
d2 min = 0.0008534151151930409
h1 max = 0.004327488962516903
h1 min = -0.0007000028428516209
h2 max = 0.006208271881890156
h2 min = 0.0011807800842458275
hz max = -9.936853556657965e-6
hz min = -1.0990608149685777e-5
----------------------------------
----------------------------------
Iteration = 10
Distance = 7.610985311057306e-5
v max = -0.9992449313730445
v min = -2.000699563967573
d1 max = 4.988764986882874e-6
d1 min = 4.988764986882874e-6
d2 max = 0.0008351616123911394
d2 min = 0.0008351332108440246
h1 max = 0.004327236277861479
h1 min = -0.0007054610878558432
h2 max = 0.006212876786938221
h2 min = 0.0011801794310834497
hz max = -1.1160272003207794e-5
hz min = -1.250992514467697e-5
----------------------------------
----------------------------------
Iteration = 11
Distance = 7.624576420872664e-5
v max = -0.9991686856088358
v min = -2.0007696492789395
d1 max = 5.486270604389433e-6
d1 min = 5.486270604389433e-6
d2 max = 0.0008168920840721777
d2 min = 0.0008168604481817808
h1 max = 0.00432700567471886
h1 min = -0.0007109634116326265
h2 max = 0.006217516193193954
h2 min = 0.001179547119083299
hz max = -1.2376491005383627e-5
hz min = -1.4067224762825958e-5
----------------------------------
----------------------------------
Iteration = 12
Distance = 7.638225950623578e-5
v max = -0.9990923033493295
v min = -2.000839759892616
d1 max = 5.9835274690872384e-6
d1 min = 5.9835274690872384e-6
d2 max = 0.0007986317091908851
d2 min = 0.0007985968226351768
h1 max = 0.004326797868135019
h1 min = -0.0007165106854428375
h2 max = 0.006222190708195774
h2 min = 0.001178882169473721
hz max = -1.3584365728958048e-5
hz min = -1.566449949308435e-5
----------------------------------
----------------------------------
Iteration = 13
Distance = 7.651936307306872e-5
v max = -0.9990157839862565
v min = -2.0009098963418963
d1 max = 6.4805357053526955e-6
d1 min = 6.4805357053526955e-6
d2 max = 0.0007803804833458662
d2 min = 0.0007803423296353653
h1 max = 0.004326613608889095
h1 min = -0.0007221038216001609
h2 max = 0.006226900972663196
h2 min = 0.00117818355987354
hz max = -1.4782650400446684e-5
hz min = -1.730386807785589e-5
----------------------------------
----------------------------------
Iteration = 14
Distance = 7.665710044035823e-5
v max = -0.9989391268858161
v min = -2.0009800591845965
d1 max = 6.97729543750002e-6
d1 min = 6.97729543750002e-6
d2 max = 0.0007621384021394076
d2 min = 0.0007620969646032881
h1 max = 0.004326453686132977
h1 min = -0.0007277437762166303
h2 max = 0.0062316476630991545
h2 min = 0.0011774502215166354
hz max = -1.5969989932695938e-5
hz min = -1.898758432761216e-5
----------------------------------
----------------------------------
Iteration = 15
Distance = 7.679549870132085e-5
v max = -0.9988623313871148
v min = -2.00105024900464
d1 max = 7.4738067897812705e-6
d1 min = 7.4738067897812705e-6
d2 max = 0.0007439054611774854
d2 min = 0.0007438607229831265
h1 max = 0.004326318930234832
h1 min = -0.000733431552156248
h2 max = 0.006236431494610446
h2 min = 0.0011766810362716519
hz max = -1.7144910884336895e-5
hz min = -2.0718046590539885e-5
----------------------------------
----------------------------------
Iteration = 16
Distance = 7.693458662161312e-5
v max = -0.9987853968004932
v min = -2.0011204664137523
d1 max = 7.97006988638638e-6
d1 min = 7.97006988638638e-6
d2 max = 0.0007256816560697732
d2 min = 0.0007256336002147035
h1 max = 0.004326210215862503
h1 min = -0.0007391682022041116
h2 max = 0.006241253223961069
h2 min = 0.0011758748334417947
hz max = -1.8305811678720474e-5
hz min = -2.249780792995537e-5
----------------------------------
----------------------------------
Iteration = 17
Distance = 7.707439475512778e-5
v max = -0.998708322405738
v min = -2.0011907120532797
d1 max = 8.466084851443187e-6
d1 min = 8.466084851443187e-6
d2 max = 0.0007074669824296489
d2 min = 0.0007074155917383035
h1 max = 0.004326128465315911
h1 min = -0.000744954832471998
h2 max = 0.006246113652871908
h2 min = 0.0011750303863319062
hz max = -1.9450951986854648e-5
hz min = -2.4329587050564427e-5
----------------------------------
----------------------------------
Iteration = 18
Distance = 7.72149555713364e-5
v max = -0.9986311074501667
v min = -2.0012609865961353
d1 max = 8.961851809017466e-6
d1 min = 8.961851809017466e-6
d2 max = 0.000689261435874203
d2 min = 0.0006892066929964906
h1 max = 0.0043260746521267554
h1 min = -0.000750792606058427
h2 max = 0.0062510136315970756
h2 min = 0.0011741464085574113
hz max = -2.057844126102104e-5
hz min = -2.6216280051838403e-5
----------------------------------
----------------------------------
Iteration = 19
Distance = 7.735630358995937e-5
v max = -0.9985537511465767
v min = -2.0013312907488854
d1 max = 9.457370883112958e-6
d1 min = 9.457370883112958e-6
d2 max = 0.0006710650120242453
d2 min = 0.0006710068994341073
h1 max = 0.004326049804960386
h1 min = -0.0007566827469838528
h2 max = 0.006255954062794619
h2 min = 0.0011732215500844941
hz max = -2.1686226306938394e-5
hz min = -2.8160973058466432e-5
----------------------------------
----------------------------------
Iteration = 20
Distance = 7.749847552662725e-5
v max = -0.9984762526710501
v min = -2.001401625253988
d1 max = 9.952642197671401e-6
d1 min = 9.952642197671401e-6
d2 max = 0.0006528777065043132
d2 min = 0.0006528162064958809
h1 max = 0.004326055011833827
h1 min = -0.000762626544419621
h2 max = 0.006260935905712868
h2 min = 0.0011722543929664447
hz max = -2.2772077845623073e-5
hz min = -3.0166955798938133e-5
----------------------------------
----------------------------------
Iteration = 21
Distance = 7.764151044986622e-5
v max = -0.9983986111606002
v min = -2.001471990892195
d1 max = 1.0447665876572567e-5
d1 min = 1.0447665876572567e-5
d2 max = 0.0006346995149426791
d2 min = 0.0006346346096136999
h1 max = 0.004326091424677635
h1 min = -0.0007686253572344111
h2 max = 0.006265960180726674
h2 min = 0.001171243446773067
hz max = -2.3833575938381202e-5
hz min = -3.223773620719683e-5
----------------------------------
----------------------------------
Iteration = 22
Distance = 7.778544994896386e-5
v max = -0.9983208257106513
v min = -2.001542388485118
d1 max = 1.0942442043634281e-5
d1 min = 1.0942442043634281e-5
d2 max = 0.0006165304329713572
d2 min = 0.000616462104256933
h1 max = 0.0043261602642757375
h1 min = -0.000774680618886098
h2 max = 0.006271027974247803
h2 min = 0.0011701871436666008
hz max = -2.4868094221641712e-5
hz min = -3.4377056134515804e-5
----------------------------------
----------------------------------
Iteration = 23
Distance = 7.793033831526852e-5
v max = -0.998242895372336
v min = -2.0016128188979945
d1 max = 1.1436970822612464e-5
d1 min = 1.1436970822612464e-5
d2 max = 0.0005983704562261117
d2 min = 0.0005982986858795257
h1 max = 0.004326262825611779
h1 min = -0.0007807938426828106
h2 max = 0.006276140444039161
h2 min = 0.0011690838331113946
hz max = -2.587278284060801e-5
hz min = -3.658890824209671e-5
----------------------------------
----------------------------------
Iteration = 24
Distance = 7.807622273658943e-5
v max = -0.9981648191495994
v min = -2.0016832830426474
d1 max = 1.1931252337201159e-5
d1 min = 1.1931252337201159e-5
d2 max = 0.0005802195803464638
d2 min = 0.0005801443499376965
h1 max = 0.004326400483650636
h1 min = -0.0007869666274415792
h2 max = 0.006281298824970533
h2 min = 0.001167931776186989
hz max = -2.6844549955162833e-5
hz min = -3.887755418208183e-5
----------------------------------
----------------------------------
Iteration = 25
Distance = 7.822315350758391e-5
v max = -0.9980865959960918
v min = -2.0017537818806637
d1 max = 1.2425286711032559e-5
d1 min = 1.2425286711032559e-5
d2 max = 0.0005620778009756995
d2 min = 0.0005619990918899348
h1 max = 0.004326574699604376
h1 min = -0.0007932006635807542
h2 max = 0.006286504435253134
h2 min = 0.001166729139465622
hz max = -2.7780041720326665e-5
hz min = -4.124754416356957e-5
----------------------------------
----------------------------------
Iteration = 26
Distance = 7.83711842542445e-5
v max = -0.9980082248118376
v min = -2.0018243164268075
d1 max = 1.2919074067677043e-5
d1 min = 1.2919074067677043e-5
d2 max = 0.0005439451137608768
d2 min = 0.0005438629071969996
h1 max = 0.004326787027710272
h1 min = -0.000799497739673908
h2 max = 0.006291758683185803
h2 min = 0.00116547398842961
hz max = -2.867562060693274e-5
hz min = -4.370373800910432e-5
----------------------------------
----------------------------------
Iteration = 27
Distance = 7.852037217670471e-5
v max = -0.9979297044396609
v min = -2.001894887752681
d1 max = 1.3412614530643206e-5
d1 min = 1.3412614530643206e-5
d2 max = 0.0005258215143528329
d2 min = 0.0005257357913128112
h1 max = 0.004327039122567515
h1 min = -0.0008058597495072446
h2 max = 0.006297063074467425
h2 min = 0.0011641642803835372
hz max = -2.9527341917079397e-5
hz min = -4.625132782820618e-5
----------------------------------
----------------------------------
Iteration = 28
Distance = 7.8670778312806e-5
v max = -0.9978510336613481
v min = -2.0019654969906626
d1 max = 1.3905908223377886e-5
d1 min = 1.3905908223377886e-5
d2 max = 0.0005077069984061919
d2 min = 0.000507617739690728
h1 max = 0.004327332747084212
h1 min = -0.0008122886996749605
h2 max = 0.006302419220111545
h2 min = 0.0011627978568309204
hz max = -3.0330928346700148e-5
hz min = -4.8895862417297487e-5
----------------------------------
----------------------------------
Iteration = 29
Distance = 7.882246781476532e-5
v max = -0.9977722111935333
v min = -2.002036145338126
d1 max = 1.4398955269266198e-5
d1 min = 1.4398955269266198e-5
d2 max = 0.0004896015615793722
d2 min = 0.0004895087478171703
h1 max = 0.004327669781080835
h1 min = -0.0008187867177611696
h2 max = 0.006307828845022143
h2 min = 0.0011613724352599886
hz max = -3.108174243870998e-5
hz min = -5.1643273554780045e-5
----------------------------------
----------------------------------
Iteration = 30
Distance = 7.897551025648486e-5
v max = -0.9976932356832768
v min = -2.0021068340619865
d1 max = 1.4891755791631565e-5
d1 min = 1.4891755791631565e-5
d2 max = 0.0004715051995345931
d2 min = 0.0004714088111619672
h1 max = 0.004328052230609934
h1 min = -0.000825356061150404
h2 max = 0.006313293797278577
h2 min = 0.0011598856003063299
hz max = -3.177475674132069e-5
hz min = -5.4499904303950686e-5
----------------------------------
----------------------------------
Iteration = 31
Distance = 7.912997995795923e-5
v max = -0.9976141057033189
v min = -2.0021775645035738
d1 max = 1.538430991373575e-5
d1 min = 1.538430991373575e-5
d2 max = 0.0004534179079378832
d2 min = 0.0004533179251972116
h1 max = 0.004328482238043288
h1 min = -0.0008319991265182777
h2 max = 0.006318816058197841
h2 min = 0.001158334794230818
hz max = -3.2404521482787274e-5
hz min = -5.747253950860731e-5
----------------------------------
----------------------------------
Iteration = 32
Distance = 7.928595633688307e-5
v max = -0.997534819746982
v min = -2.002248338083877
d1 max = 1.5876617758778883e-5
d1 min = 1.5876617758778883e-5
d2 max = 0.00043533968245908683
d2 min = 0.0004352360853972589
h1 max = 0.004328962092999882
h1 min = -0.0008387184600568242
h2 max = 0.0063243977532340895
h2 min = 0.0011567173066648257
hz max = -3.296512954387154e-5
hz min = -6.056843865787087e-5
----------------------------------
----------------------------------
Iteration = 33
Distance = 7.94435242876812e-5
v max = -0.9974553762226943
v min = -2.00231915630918
d1 max = 1.6368679449899494e-5
d1 min = 1.6368679449899494e-5
d2 max = 0.00041727051877187156
d2 min = 0.00041716328723872604
h1 max = 0.004329494244185188
h1 min = -0.0008455167684925462
h2 max = 0.006330041163784225
h2 min = 0.001155030263563862
hz max = -3.345017851374976e-5
hz min = -6.379537128509138e-5
----------------------------------
----------------------------------
Iteration = 34
Distance = 7.960277458796128e-5
v max = -0.9973757734481064
v min = -2.0023900207771153
d1 max = 1.6860495110174543e-5
d1 min = 1.6860495110174543e-5
d2 max = 0.0003992104125537355
d2 min = 0.0003990995261832791
h1 max = 0.004330081312212671
h1 min = -0.000852396930960069
h2 max = 0.006335748739980858
h2 min = 0.0011532706153024616
hz max = -3.3852729588446095e-5
hz min = -6.716165513120931e-5
----------------------------------
----------------------------------
Iteration = 35
Distance = 7.976380434171482e-5
v max = -0.9972960096437646
v min = -2.002460933183187
d1 max = 1.7352064862619456e-5
d1 min = 1.7352064862619456e-5
d2 max = 0.00038115935948601447
d2 min = 0.0003810447977085765
h1 max = 0.004330726103493529
h1 min = -0.0008593620118016777
h2 max = 0.006341523114550966
h2 min = 0.0011514351238440677
hz max = -3.416526302313372e-5
hz min = -7.067619727352259e-5
----------------------------------
----------------------------------
Iteration = 36
Distance = 7.992671744938562e-5
v max = -0.9972160829263153
v min = -2.002531895327771
d1 max = 1.7843388830188145e-5
d1 min = 1.7843388830188145e-5
d2 max = 0.00036311735525388896
d2 min = 0.0003629990973165277
h1 max = 0.0043314316252824284
h1 min = -0.0008664152743655123
h2 max = 0.006347367117840031
h2 min = 0.0011495203489180926
hz max = -3.43796298540866e-5
hz min = -7.43485384741005e-5
----------------------------------
----------------------------------
Iteration = 37
Distance = 8.009162512123691e-5
v max = -0.997135991301194
v min = -2.0026029091236563
d1 max = 1.833446713577305e-5
d1 min = 1.833446713577305e-5
d2 max = 0.00034508439554639154
d2 min = 0.0003449624204927848
h1 max = 0.004332201101988197
h1 min = -0.0008735601958823674
h2 max = 0.006353283794080366
h2 min = 0.0011475226331077574
hz max = -3.4486999619387504e-5
hz min = -7.81889009870973e-5
----------------------------------
----------------------------------
Iteration = 38
Distance = 8.02586464273558e-5
v max = -0.9970557326547667
v min = -2.002673976604156
d1 max = 1.8825299902205165e-5
d1 min = 1.8825299902205165e-5
d2 max = 0.0003270604760564139
d2 min = 0.00032693476272525467
h1 max = 0.004333037992833951
h1 min = -0.000880800483509968
h2 max = 0.006359276419033511
h2 min = 0.0011454380857784674
hz max = -3.447780365262165e-5
hz min = -8.22082401230606e-5
----------------------------------
----------------------------------
Iteration = 39
Distance = 8.042790889295492e-5
v max = -0.9969753047458737
v min = -2.002745099931832
d1 max = 1.9315887252254062e-5
d1 min = 1.9315887252254062e-5
d2 max = 0.00030904559248071383
d2 min = 0.0003089161195040981
h1 max = 0.004333946011007116
h1 min = -0.0008881400916340201
h2 max = 0.006365348519099382
h2 min = 0.0011432625657460502
hz max = -3.434167366533902e-5
hz min = -8.641829986055782e-5
----------------------------------
----------------------------------
Iteration = 40
Distance = 8.059954913830492e-5
v max = -0.9968947051967354
v min = -2.0028162814078914
d1 max = 1.9806229308627936e-5
d1 min = 1.9806229308627936e-5
d2 max = 0.00029103974051992234
d2 min = 0.0002909064863217283
h1 max = 0.004334929144398183
h1 min = -0.0008955832405371954
h2 max = 0.006371503892038175
h2 min = 0.0011409916625828547
hz max = -3.406737515254665e-5
hz min = -9.08316728387426e-5
----------------------------------
----------------------------------
Iteration = 41
Distance = 8.077371356873808e-5
v max = -0.9968139314831667
v min = -2.0028875234822965
d1 max = 2.0296326193973623e-5
d1 min = 2.0296326193973623e-5
d2 max = 0.0002730429158785508
d2 min = 0.000272905858647235
h1 max = 0.004335991678090978
h1 min = -0.0009031344365319399
h2 max = 0.006377746629419867
h2 min = 0.0011386206764483638
hz max = -3.364273522765693e-5
hz min = -9.546186507058962e-5
----------------------------------
----------------------------------
Iteration = 42
Distance = 8.095055912371585e-5
v max = -0.9967329809240429
v min = -2.0029588287646525
d1 max = 2.0786178030876635e-5
d1 min = 2.0786178030876635e-5
d2 max = 0.0002550551142649979
d2 min = 0.000254914231983151
h1 max = 0.004337138218732297
h1 min = -0.0009107984936899707
h2 max = 0.0063840811409667
h2 min = 0.0011361445963320054
hz max = -3.3054564394507935e-5
hz min = -0.00010032336578480461
----------------------------------
----------------------------------
Iteration = 43
Distance = 8.113025407863184e-5
v max = -0.9966518506699643
v min = -2.0030302000359326
d1 max = 2.1275784941861196e-5
d1 min = 2.1275784941861196e-5
d2 max = 0.0002370763313915565
d2 min = 0.0002369316018464367
h1 max = 0.004338373720938751
h1 min = -0.000918580557291753
h2 max = 0.006390512180938212
h2 min = 0.001133558076579577
hz max = -3.228857174131239e-5
hz min = -0.00010543172278609791
----------------------------------
----------------------------------
Iteration = 44
Distance = 8.131297891500466e-5
v max = -0.9965705376910493
v min = -2.0031016402611024
d1 max = 2.1765147049390265e-5
d1 min = 2.1765147049390265e-5
d2 max = 0.0002191065629744206
d2 min = 0.00021895796373850392
h1 max = 0.004339703515940052
h1 min = -0.0009264861291319272
h2 max = 0.006397044876733116
h2 min = 0.0011308554115499643
hz max = -3.1329273010305414e-5
hz min = -0.00011080362379844999
----------------------------------
----------------------------------
Iteration = 45
Distance = 8.149892725628494e-5
v max = -0.996489038763793
v min = -2.0031731526027245
d1 max = 2.225426447586557e-5
d1 min = 2.225426447586557e-5
d2 max = 0.00020114580473369257
d2 min = 0.00020099331316301029
h1 max = 0.004341133342607419
h1 min = -0.0009345210948375371
h2 max = 0.006403684759900108
h2 min = 0.0011280305082738277
hz max = -3.0159890925807176e-5
hz min = -0.00011645698426987483
----------------------------------
----------------------------------
Iteration = 46
Distance = 8.168830688137785e-5
v max = -0.9964073504569116
v min = -2.003244740435611
d1 max = 2.2743137343627637e-5
d1 min = 2.2743137343627637e-5
d2 max = 0.00018319405239338978
d2 min = 0.00018303764562585762
h1 max = 0.00434266938111236
h1 min = -0.0009426917533608663
h2 max = 0.006410437799758441
h2 min = 0.0011250768569284488
hz max = -2.876224712178299e-5
hz min = -0.0001224110421627067
----------------------------------
----------------------------------
Iteration = 47
Distance = 8.188134081599241e-5
v max = -0.9963254691160957
v min = -2.003316407362612
d1 max = 2.323176577495582e-5
d1 min = 2.323176577495582e-5
d2 max = 0.00016525130168145157
d2 min = 0.00016509095663519077
h1 max = 0.004344318289414022
h1 min = -0.0009510048488250095
h2 max = 0.0064173104398549995
h2 min = 0.0011219874989614532
hz max = -2.7116642807856195e-5
hz min = -0.00012868646031505282
----------------------------------
----------------------------------
Iteration = 48
Distance = 8.207826851291955e-5
v max = -0.9962433908475827
v min = -2.0033881572316345
d1 max = 2.3720149892068345e-5
d1 min = 2.3720149892068345e-5
d2 max = 0.0001473175483297462
d2 min = 0.00014715324166832727
h1 max = 0.00434608724280442
h1 min = -0.0009594676049113275
h2 max = 0.006424309637493533
h2 min = 0.001118754992679628
hz max = -2.5201721139400668e-5
hz min = -0.0001353054369734874
----------------------------------
----------------------------------
Iteration = 49
Distance = 8.227934712545792e-5
v max = -0.9961611115004573
v min = -2.003459994153983
d1 max = 2.420828981712231e-5
d1 min = 2.420828981712231e-5
d2 max = 0.00012939278807407763
d2 min = 0.00012922449625098504
h1 max = 0.004347983976820989
h1 min = -0.0009680877620016057
h2 max = 0.006431442906602268
h2 min = 0.0011153713760711607
hz max = -2.2994371876583486e-5
hz min = -0.00014229182516589667
----------------------------------
----------------------------------
Iteration = 50
Distance = 8.248485288397944e-5
v max = -0.9960786266475733
v min = -2.00353192252413
d1 max = 2.4696185672213748e-5
d1 min = 2.4696185672213748e-5
d2 max = 0.00011147701665419249
d2 min = 0.00011130471591586223
h1 max = 0.004350016833754328
h1 min = -0.0009768736172938142
h2 max = 0.006438718364220469
h2 min = 0.001111828126664251
hz max = -2.0469537327372223e-5
hz min = -0.00014967126165221778
----------------------------------
----------------------------------
Iteration = 51
Distance = 8.269508258174074e-5
v max = -0.9959959315649916
v min = -2.0036039470410376
d1 max = 2.518383757937764e-5
d1 min = 2.518383757937764e-5
d2 max = 9.35702298137868e-5
d2 min = 9.339389618006296e-5
h1 max = 0.004352194813097783
h1 min = -0.0009858340681431605
h2 max = 0.006446144780917768
h2 min = 0.001108116118155117
hz max = -1.7600065199130377e-5
hz min = -0.00015747130623244843
----------------------------------
----------------------------------
Iteration = 52
Distance = 8.291035518148693e-5
v max = -0.9959130212098101
v min = -2.003676072731142
d1 max = 2.567124566058795e-5
d1 min = 2.567124566058795e-5
d2 max = 7.567242330051294e-5
d2 min = 7.54920325629268e-5
h1 max = 0.004354527626257928
h1 min = -0.0009949786588865925
h2 max = 0.00645373163547507
h2 min = 0.0011042255735550538
hz max = -1.4356532848647241e-5
hz min = -0.00016572159224959027
----------------------------------
----------------------------------
Iteration = 53
Distance = 8.313101355017505e-5
v max = -0.9958298901962599
v min = -2.003748304973145
d1 max = 2.6158410037757657e-5
d1 min = 2.6158410037757657e-5
d2 max = 5.778359286598644e-5
d2 min = 5.759912058602726e-5
h1 max = 0.004357025755898743
h1 min = -0.0010043176314424957
h2 max = 0.0064614891742004734
h2 min = 0.001100146014564056
hz max = -1.0707056637415668e-5
hz min = -0.0001744539892317709
----------------------------------
----------------------------------
Iteration = 54
Distance = 8.335742633447385e-5
v max = -0.9957465327699254
v min = -2.003820649524755
d1 max = 2.6645330832738778e-5
d1 min = 2.6645330832738778e-5
d2 max = 3.9903734265792835e-5
d2 min = 3.9715155773170196e-5
h1 max = 0.0043597005203064405
h1 min = -0.001013861979989471
h2 max = 0.0064694284752659795
h2 min = 0.0010958662068593099
hz max = -6.6170851326097235e-6
hz min = -0.0001837027786483203
----------------------------------
----------------------------------
Iteration = 55
Distance = 8.359625925946634e-5
v max = -0.995662936510666
v min = -2.0038931180095947
d1 max = 2.713200816732241e-5
d1 min = 2.713200816732241e-5
d2 max = 2.2032843259494565e-5
d2 min = 2.184013360667578e-5
h1 max = 0.004361053427025564
h1 min = -0.0010236235100716659
h2 max = 0.006477561518502828
h2 min = 0.001092884817047313
hz max = -2.0491747682038763e-6
hz min = -0.00019350484388280798
----------------------------------
----------------------------------
Iteration = 56
Distance = 8.38566041909683e-5
v max = -0.995579079906475
v min = -2.0039657317347808
d1 max = 2.7618442163238748e-5
d1 min = 2.7618442163238748e-5
d2 max = 4.170915513444392e-6
d2 min = 3.974049641628403e-6
h1 max = 0.004364087371088956
h1 min = -0.001033701504513815
h2 max = 0.006485987863148935
h2 min = 0.0010881992266869196
hz max = 3.0372535264611145e-6
hz min = -0.0002038998755815591
----------------------------------
----------------------------------
Iteration = 57
Distance = 7.892674212228723e-5
v max = -0.9955001531643527
v min = -2.0040398338655514
d1 max = 2.810463294215713e-5
d1 min = 2.810463294215713e-5
d2 max = 0.001
d2 min = 0.001
h1 max = 0.004368852911451444
h1 min = -0.001044050958558714
h2 max = 0.006494662896068359
h2 min = 0.0010817592684282573
hz max = 8.686178366024144e-6
hz min = -0.00021493059365718103
----------------------------------
----------------------------------
Iteration = 58
Distance = 7.918594916922483e-5
v max = -0.9954209672151835
v min = -2.0041140834499354
d1 max = 2.859058062568605e-5
d1 min = 2.859058062568605e-5
d2 max = 0.0009816491342768954
d2 min = 0.00098164479385825
h1 max = 0.004372404915436093
h1 min = -0.0010555972257353186
h2 max = 0.006504512466434596
h2 min = 0.0010765105946805742
hz max = 1.4945270746524741e-5
hz min = -0.0002266430760311522
----------------------------------
----------------------------------
Iteration = 59
Distance = 7.945330247183247e-5
v max = -0.9953415139127116
v min = -2.0041884887215615
d1 max = 2.9076285335373206e-5
d1 min = 2.9076285335373206e-5
d2 max = 0.000963307473827053
d2 min = 0.0009632987660551113
h1 max = 0.004376208514187808
h1 min = -0.001067434480955292
h2 max = 0.006514631440683581
h2 min = 0.0010709887425000226
hz max = 2.1866191757813347e-5
hz min = -0.0002390867611462566
----------------------------------
----------------------------------
Iteration = 60
Distance = 7.97293753744821e-5
v max = -0.9952617845373372
v min = -2.00426305850511
d1 max = 2.956174719270552e-5
d1 min = 2.956174719270552e-5
d2 max = 0.0009449750143448929
d2 min = 0.0009449619120009604
h1 max = 0.00438028184976307
h1 min = -0.001079579889366903
h2 max = 0.006525037814073944
h2 min = 0.0010651763999195664
hz max = 2.9504937925084462e-5
hz min = -0.00025231497745192843
----------------------------------
----------------------------------
Iteration = 61
Distance = 8.00147851753863e-5
v max = -0.9951817697521618
v min = -2.0043378022618956
d1 max = 3.0046966319109166e-5
d1 min = 3.0046966319109166e-5
d2 max = 0.000926651751529697
d2 min = 0.0009266342271074828
h1 max = 0.004384644534978195
h1 min = -0.001092051900493992
h2 max = 0.006535751048899407
h2 min = 0.0010590549668682337
hz max = 3.792220607534702e-5
hz min = -0.0002663851666084849
----------------------------------
----------------------------------
Iteration = 62
Distance = 8.031019662824157e-5
v max = -0.9951014595555335
v min = -2.004412730139085
d1 max = 3.0531942835949616e-5
d1 min = 3.0531942835949616e-5
d2 max = 0.0009083376810856265
d2 min = 0.0009083157067857572
h1 max = 0.00438931777706744
h1 min = -0.0011048703504339626
h2 max = 0.006546792198104481
h2 min = 0.0010526044529315358
hz max = 4.718379058910038e-5
hz min = -0.0002813592118960928
----------------------------------
----------------------------------
Iteration = 63
Distance = 8.061632573874711e-5
v max = -0.9950208432297948
v min = -2.0044878530228334
d1 max = 3.1016676864531643e-5
d1 min = 3.1016676864531643e-5
d2 max = 0.000890032798721741
d2 min = 0.0008900063464556199
h1 max = 0.004394324511881945
h1 min = -0.0011180565724144102
h2 max = 0.006558184039447102
h2 min = 0.0010458033667552695
hz max = 5.73610145238046e-5
hz min = -0.00029730379348003044
----------------------------------
----------------------------------
Iteration = 64
Distance = 8.093394386954333e-5
v max = -0.9949399092859252
v min = -2.004563182595672
d1 max = 3.1501168526099375e-5
d1 min = 3.1501168526099375e-5
d2 max = 0.0008717371001520165
d2 min = 0.0008717061415365716
h1 max = 0.004399689549536918
h1 min = -0.001131633516408711
h2 max = 0.006569951221103874
h2 min = 0.0010386285963913857
hz max = 6.853119756622394e-5
hz min = -0.0003142907728104216
----------------------------------
----------------------------------
Iteration = 65
Distance = 8.126388218521186e-5
v max = -0.99485864540374
v min = -2.0046387313984892
d1 max = 3.1985417941836324e-5
d1 min = 3.1985417941836324e-5
d2 max = 0.0008534505810953642
d2 min = 0.0008534150874503887
h1 max = 0.004405439732500976
h1 min = -0.0011456258785639088
h2 max = 0.006582120419724944
h2 min = 0.0010310552798280836
hz max = 8.077816394835846e-5
hz min = -0.0003323976085406466
----------------------------------
----------------------------------
Iteration = 66
Distance = 8.160703646153955e-5
v max = -0.9947770383672785
v min = -2.004714512897472
d1 max = 3.24694252328654e-5
d1 min = 3.24694252328654e-5
d2 max = 0.0008351732372756495
d2 min = 0.00083513317962112
h1 max = 0.0044116041071981
h1 min = -0.0011600602412633022
h2 max = 0.00659472051199134
h2 min = 0.001023056664891227
hz max = 9.419279379696555e-5
hz min = -0.00035170780664395274
----------------------------------
----------------------------------
Iteration = 67
Distance = 8.196437229424092e-5
v max = -0.9946950739949842
v min = -2.004790541556419
d1 max = 3.295319052024897e-5
d1 min = 3.295319052024897e-5
d2 max = 0.0008169050644217116
d2 min = 0.0008168604134750852
h1 max = 0.004418214110286783
h1 min = -0.001174965224711616
h2 max = 0.00660778276085474
h2 min = 0.0010146039576132701
hz max = 0.00010887362165978853
hz min = -0.0003723114075554479
----------------------------------
----------------------------------
Iteration = 68
Distance = 8.233693073955717e-5
v max = -0.9946127370642447
v min = -2.0048668329148684
d1 max = 3.3436713924988845e-5
d1 min = 3.3436713924988845e-5
d2 max = 0.0007986460582673823
d2 min = 0.0007985967844347994
h1 max = 0.004425303770878067
h1 min = -0.0011903716510103014
h2 max = 0.006621341017722351
h2 min = 0.0010056661581237538
hz max = 0.00012492748628578632
hz min = -0.0003943055134653095
----------------------------------
----------------------------------
Iteration = 69
Distance = 8.272583441981674e-5
v max = -0.9945300112298249
v min = -2.004943403672498
d1 max = 3.391999556802635e-5
d1 min = 3.391999556802635e-5
d2 max = 0.0007803962145515066
d2 min = 0.0007803422879294012
h1 max = 0.0044329099300915165
h1 min = -0.0012063127217724523
h2 max = 0.006635431941966417
h2 min = 0.0009962098829920047
hz max = 0.0001424702360952601
hz min = -0.0004177948591288505
----------------------------------
----------------------------------
Iteration = 70
Distance = 8.313229414047552e-5
v max = -0.9944468789356844
v min = -2.0050202717803263
d1 max = 3.440303557024234e-5
d1 min = 3.440303557024234e-5
d2 max = 0.0007621555290179622
d2 min = 0.0007620969193975858
h1 max = 0.004441072479421015
h1 min = -0.0012228242104100908
h2 max = 0.00665009523926018
h2 min = 0.0009861991729028803
hz max = 0.00016162749514159191
hz min = -0.000442892429832753
----------------------------------
----------------------------------
Iteration = 71
Distance = 8.355761605538525e-5
v max = -0.994363321319629
v min = -2.005097456539266
d1 max = 3.4885834052457215e-5
d1 min = 3.4885834052457215e-5
d2 max = 0.0007439239974156805
d2 min = 0.0007438606742747313
h1 max = 0.004449834619567864
h1 min = -0.0012399446703323165
h2 max = 0.006665373920363983
h2 min = 0.0009755952844158256
hz max = 0.00018253549483038256
hz min = -0.00046972013050816663
----------------------------------
----------------------------------
Iteration = 72
Distance = 8.400320943180439e-5
v max = -0.9942793181101972
v min = -2.005174978706623
d1 max = 3.536839113543099e-5
d1 min = 3.536839113543099e-5
d2 max = 0.0007257016154986677
d2 min = 0.0007256335479984725
h1 max = 0.00445924314149017
h1 min = -0.0012577156603954124
h2 max = 0.00668131458214428
h2 min = 0.0009643564644795464
hz max = 0.0002053419770714493
hz min = -0.0004984095102872343
----------------------------------
----------------------------------
Iteration = 73
Distance = 8.44705950653335e-5
v max = -0.9941948475151319
v min = -2.0052528606111966
d1 max = 3.5850706939863274e-5
d1 min = 3.5850706939863274e-5
d2 max = 0.0007074883790260257
d2 min = 0.0007074155360086984
h1 max = 0.004469348731609873
h1 min = -0.0012761819890562028
h2 max = 0.0066979677127414405
h2 min = 0.0009524377062396513
hz max = 0.00023020717507760136
hz min = -0.000529102547182636
----------------------------------
----------------------------------
Iteration = 74
Distance = 8.496141439928717e-5
v max = -0.9941098861007326
v min = -2.005331126277688
d1 max = 3.633278158639334e-5
d1 min = 3.633278158639334e-5
d2 max = 0.0006892842837619742
d2 min = 0.0006892066337475486
h1 max = 0.00448020630328318
h1 min = -0.001295391978809673
h2 max = 0.006715388022997693
h2 min = 0.0009397904845592318
hz max = 0.00025730487854258577
hz min = -0.0005619524979583179
----------------------------------
----------------------------------
Iteration = 75
Distance = 8.54774394097868e-5
v max = -0.9940244086613228
v min = -2.005409801561163
d1 max = 3.681461519560015e-5
d1 min = 3.681461519560015e-5
d2 max = 0.0006710893254758735
d2 min = 0.0006710068366449182
h1 max = 0.004491875356789027
h1 min = -0.001315397752630083
h2 max = 0.00673363480641573
h2 min = 0.0009263624695439489
hz max = 0.00028682359053233686
hz min = -0.0005971248187236489
----------------------------------
----------------------------------
Iteration = 76
Distance = 8.602058332762841e-5
v max = -0.9939383880779952
v min = -2.0054889142924095
d1 max = 3.729620788800235e-5
d1 min = 3.729620788800235e-5
d2 max = 0.0006529034999422467
d2 min = 0.0006528161401546411
h1 max = 0.0045044203703447005
h1 min = -0.0013362555442724348
h2 max = 0.00675277233013345
h2 min = 0.000912097216200368
hz max = 0.00031896778406703685
hz min = -0.0006347981622217835
----------------------------------
----------------------------------
Iteration = 77
Distance = 8.659291225843191e-5
v max = -0.9938517951657367
v min = -2.005568494435059
d1 max = 3.777755978405835e-5
d1 min = 3.777755978405835e-5
d2 max = 0.0006347268029408041
d2 min = 0.0006346345397306848
h1 max = 0.004517911224832128
h1 min = -0.0013580260344640334
h2 max = 0.00677287025961861
h2 min = 0.0008969338282077373
hz max = 0.00035395926707593173
hz min = -0.0006751654583270206
----------------------------------
----------------------------------
Iteration = 78
Distance = 8.719665779199914e-5
v max = -0.9937645985079447
v min = -2.0056485742554537
d1 max = 3.825867100416632e-5
d1 min = 3.825867100416632e-5
d2 max = 0.0006165592302564669
d2 min = 0.0006164620308241579
h1 max = 0.004532423665184114
h1 min = -0.00138077471517945
h2 max = 0.006794004120012093
h2 min = 0.0008808065936038937
hz max = 0.0003920386651584673
hz min = -0.0007184350848138399
----------------------------------
----------------------------------
Iteration = 79
Distance = 8.783423067926233e-5
v max = -0.9936767642772655
v min = -2.0057291885062827
d1 max = 3.873954166866424e-5
d1 min = 3.873954166866424e-5
d2 max = 0.0005984007776793925
d2 min = 0.0005982986088884009
h1 max = 0.004548039801612275
h1 min = -0.0014045722843921088
h2 max = 0.006816255797328459
h2 min = 0.0008636445900004408
hz max = 0.0004334670324412926
hz min = -0.0007648321360764765
----------------------------------
----------------------------------
Iteration = 80
Distance = 8.850823567063681e-5
v max = -0.9935882560415948
v min = -2.005810374625117
d1 max = 3.922017189782991e-5
d1 min = 3.922017189782991e-5
d2 max = 0.0005802514410050003
d2 min = 0.0005801442693789812
h1 max = 0.0045648486541653354
h1 min = -0.0014294950738943431
h2 max = 0.0068397140829813555
h2 min = 0.0008453712567259518
hz max = 0.0004785276016955331
hz min = -0.0008145997981384712
----------------------------------
----------------------------------
Iteration = 81
Distance = 8.922148762369186e-5
v max = -0.9934990345539711
v min = -2.005892172949059
d1 max = 3.9700561811880996e-5
d1 min = 3.9700561811880996e-5
d2 max = 0.0005621112160339983
d2 min = 0.0005619990077536887
h1 max = 0.00458294674441576
h1 min = -0.0014556255130091062
h2 max = 0.006864475265429606
h2 min = 0.0008259039310765889
hz max = 0.0005275276859029177
hz min = -0.0008680008390227201
----------------------------------
----------------------------------
Iteration = 82
Distance = 8.99770289843893e-5
v max = -0.9934090575249868
v min = -2.0059746269468137
d1 max = 4.0180711530975054e-5
d1 min = 4.0180711530975054e-5
d2 max = 0.0005439800985724112
d2 min = 0.0005438628194475246
h1 max = 0.004602438738368597
h1 min = -0.0014830526312561913
h2 max = 0.006890643773057865
h2 min = 0.0008051533456152003
hz max = 0.0005808007444974006
hz min = -0.000925319224327481
----------------------------------
----------------------------------
Iteration = 83
Distance = 9.077814876934376e-5
v max = -0.9933182793762174
v min = -2.0060577834696023
d1 max = 4.066062117520957e-5
d1 min = 4.066062117520957e-5
d2 max = 0.0005258580844316085
d2 min = 0.0005257356999431553
h1 max = 0.0046234381451057596
h1 min = -0.0015118726033146281
h2 max = 0.006918332872784643
h2 min = 0.0007830230831755316
hz max = 0.0006387086287268362
hz min = -0.0009868618687491892
----------------------------------
----------------------------------
Iteration = 84
Distance = 9.162840318055476e-5
v max = -0.9932266509730369
v min = -2.006141693022445
d1 max = 4.114029086462197e-5
d1 min = 4.114029086462197e-5
d2 max = 0.000507745169428335
d2 min = 0.000507617644707393
h1 max = 0.004646068076027827
h1 min = -0.0015421893398923283
h2 max = 0.006947665429279936
h2 min = 0.0007594089859566638
hz max = 0.0007016440218093889
hz min = -0.0010529605351528026
----------------------------------
----------------------------------
Iteration = 85
Distance = 9.253163799827213e-5
v max = -0.9931341193350386
v min = -2.0062264100574674
d1 max = 4.161972071918966e-5
d1 min = 4.161972071918966e-5
d2 max = 0.0004896413493847414
d2 min = 0.0004895086492068666
h1 max = 0.004670462070033736
h1 min = -0.0015741151284616897
h2 max = 0.006978774730109205
h2 min = 0.000734198514757431
hz max = 0.0007700330910009878
hz min = -0.0011239738939256005
----------------------------------
----------------------------------
Iteration = 86
Distance = 9.349201291197762e-5
v max = -0.9930406273221266
v min = -2.0063119932910056
d1 max = 4.209891085883007e-5
d1 min = 4.209891085883007e-5
d2 max = 0.00047154662012841757
d2 min = 0.00047140870891039933
h1 max = 0.0046967649904160165
h1 min = -0.0016077713281327452
h2 max = 0.007011805382597243
h2 min = 0.0007072700540662393
hz max = 0.0008443383701767226
hz min = -0.0012002897563340165
----------------------------------
----------------------------------
Iteration = 87
Distance = 9.451402796389896e-5
v max = -0.9929461132941627
v min = -2.006398506046449
d1 max = 4.257786140340065e-5
d1 min = 4.257786140340065e-5
d2 max = 0.000453460977492426
d2 min = 0.00045331781928900134
h1 max = 0.004725133999776168
h1 min = -0.001643289123345724
h2 max = 0.0070469142887241544
h2 min = 0.0006784921583411151
hz max = 0.0009250618932121757
hz min = -0.001282327496932023
----------------------------------
----------------------------------
Iteration = 88
Distance = 9.570897670074796e-5
v max = -0.992850510741864
v min = -2.0064860166248666
d1 max = 4.3056572472698954e-5
d1 min = 4.3056572472698954e-5
d2 max = 0.0004353844173153378
d2 min = 0.00043523597581456605
h1 max = 0.004755739619855341
h1 min = -0.0016808103414471301
h2 max = 0.007084271704918682
h2 min = 0.0006477227343979285
hz max = 0.0010127486002370345
hz min = -0.001370540681301935
----------------------------------
----------------------------------
Iteration = 89
Distance = 9.72549034631287e-5
v max = -0.9927537478864402
v min = -2.006574598705677
d1 max = 4.3535044186462604e-5
d1 min = 4.3535044186462604e-5
d2 max = 0.00041731693544127033
d2 min = 0.00041716317392999944
h1 max = 0.004788766883731861
h1 min = -0.0017204883396846878
h2 max = 0.007124062394236407
h2 min = 0.0006148081543907655
hz max = 0.0011079900408406118
hz min = -0.0014654199169195081
----------------------------------
----------------------------------
Iteration = 90
Distance = 9.892519337906247e-5
v max = -0.9926557472452219
v min = -2.0066643317797515
d1 max = 4.401327666436937e-5
d1 min = 4.401327666436937e-5
d2 max = 0.0003992585277199264
d2 min = 0.0003990994091444238
h1 max = 0.004824416588580976
h1 min = -0.0017624889676369038
h2 max = 0.0071664868790874015
h2 min = 0.0005795822933458948
hz max = 0.001211428400433312
hz min = -0.001567495946471209
----------------------------------
----------------------------------
Iteration = 91
Distance = 0.00010073077694583432
v max = -0.9925564251602845
v min = -2.0067553016175426
d1 max = 4.4491270026037186e-5
d1 min = 4.4491270026037186e-5
d2 max = 0.0003812091900066364
d2 min = 0.0003810446769375227
h1 max = 0.004862906657841911
h1 min = -0.0018069916116302516
h2 max = 0.007211762803388576
h2 min = 0.0005418654847222505
hz max = 0.0013237608783295274
hz min = -0.0016773430046940208
----------------------------------
----------------------------------
Iteration = 92
Distance = 0.00010268355003839602
v max = -0.9924556912867932
v min = -2.0068476007750253
d1 max = 4.496902439102417e-5
d1 min = 4.496902439102417e-5
d2 max = 0.0003631689181624018
d2 min = 0.0003629989727911252
h1 max = 0.0049044736225257015
h1 min = -0.0018541903282868317
h2 max = 0.007260126413842403
h2 min = 0.000501463386834881
hz max = 0.0014457444487214755
hz min = -0.0017955824616949778
----------------------------------
----------------------------------
Iteration = 93
Distance = 0.00010479645997008014
v max = -0.9923534480374862
v min = -2.0069413291404463
d1 max = 4.544653987882866e-5
d1 min = 4.544653987882866e-5
d2 max = 0.0003451377080539425
d2 min = 0.00034496229218919524
h1 max = 0.004949374232196128
h1 min = -0.0019042950749821224
h2 max = 0.007311834170897369
h2 min = 0.00045816575236801204
hz max = 0.0015782010384551848
hz min = -0.001922886777749322
----------------------------------
----------------------------------
Iteration = 94
Distance = 0.00010708359936739686
v max = -0.9922495899793821
v min = -2.007036594525092
d1 max = 4.592381660888925e-5
d1 min = 4.592381660888925e-5
d2 max = 0.00032711555555374575
d2 min = 0.0003269346306178207
h1 max = 0.004997887207147313
h1 min = -0.001957533045694797
h2 max = 0.007367164500911228
h2 min = 0.00041174509250348104
hz max = 0.0017220231586523305
hz min = -0.00205998379684158
----------------------------------
----------------------------------
Iteration = 95
Distance = 0.00010956030859221588
v max = -0.992144003178421
v min = -2.0071335133015253
d1 max = 4.6400854700584805e-5
d1 min = 4.6400854700584805e-5
d2 max = 0.0003091024565401192
d2 min = 0.0003089159835606131
h1 max = 0.005050315144351149
h1 min = -0.002014150121500592
h2 max = 0.007426419702070944
h2 min = 0.0003619552263996675
hz max = 0.0018781800305361918
hz min = -0.0022076614086918855
----------------------------------
----------------------------------
Iteration = 96
Distance = 0.00011224328752257318
v max = -0.9920365644873479
v min = -2.007232211092994
d1 max = 4.6877654273234514e-5
d1 min = 4.6877654273234514e-5
d2 max = 0.00029109840689724663
d2 min = 0.00029090634647450226
h1 max = 0.005106986590844306
h1 min = -0.0020744124457989354
h2 max = 0.007489928017774404
h2 min = 0.00030852970594542276
hz max = 0.002047724249494287
hz min = -0.002366772611689383
----------------------------------
----------------------------------
Iteration = 97
Distance = 0.00011515071757450812
v max = -0.9919271407716883
v min = -2.0073328235179617
d1 max = 4.73542154460979e-5
d1 min = 4.73542154460979e-5
d2 max = 0.00027310340251524804
d2 min = 0.0002729057148877002
h1 max = 0.00516825829953783
h1 min = -0.002138608135288049
h2 max = 0.00755804589242004
h2 min = 0.0002511801047614746
hz max = 0.0022317990354253636
hz min = -0.002538241012137177
----------------------------------
----------------------------------
Iteration = 98
Distance = 0.00011830239495480566
v max = -0.9918155880681785
v min = -2.0074354969940056
d1 max = 4.783053833837485e-5
d1 min = 4.783053833837485e-5
d2 max = 0.00025511743929024325
d2 min = 0.00025491408429466843
h1 max = 0.005234517683741767
h1 min = -0.0022070491387068346
h2 max = 0.007631160425915627
h2 min = 0.00018959415943764837
hz max = 0.002431646121795472
hz min = -0.0027230667984406987
----------------------------------
----------------------------------
Iteration = 99
Distance = 0.00012171987621556468
v max = -0.9917017506694522
v min = -2.0075403896055817
d1 max = 4.830662306920566e-5
d1 min = 4.830662306920566e-5
d2 max = 0.0002371405131244206
d2 min = 0.00023693145019192469
h1 max = 0.0053061854882059025
h1 min = -0.002280073256484456
h2 max = 0.007709692044715061
h2 min = 0.0001234337498653078
hz max = 0.0026486143406390106
hz min = -0.002922333232472374
----------------------------------
----------------------------------
Iteration = 100
Distance = 0.00012542663731229808
v max = -0.9915854601281858
v min = -2.0076476720404957
d1 max = 4.878246975767106e-5
d1 min = 4.878246975767106e-5
d2 max = 0.00021917261992610994
d2 min = 0.00021895780807802592
h1 max = 0.0053837186961321875
h1 min = -0.002358046335643501
h2 max = 0.007794097408816367
h2 min = 5.233270431636422e-5
hz max = 0.0028841689659780956
hz min = -0.003137213704228481
----------------------------------
----------------------------------
Iteration = 101
Distance = 0.00012944824747951333
v max = -0.9914665341732252
v min = -2.007757528600188
d1 max = 4.925807852279222e-5
d1 min = 4.925807852279222e-5
d2 max = 0.00020121375560986163
d2 min = 0.00020099315345355033
h1 max = 0.005467613693383862
h1 min = -0.00244136465565594
h2 max = 0.007884872575966904
h2 min = -2.4105586425414915e-5
hz max = 0.003139901883932872
hz min = -0.0033689794002295104
----------------------------------
----------------------------------
Iteration = 102
Distance = 0.00013381255938860193
v max = -0.9913447755294686
v min = -2.0078701582892755
d1 max = 4.9733449483530826e-5
d1 min = 4.9733449483530826e-5
d2 max = 0.000183263916096531
d2 min = 0.0001830374818152174
h1 max = 0.0055584097130865285
h1 min = -0.002530457522419218
h2 max = 0.007982556446264414
h2 min = -0.0001063107630576226
hz max = 0.0034175426640525863
hz min = -0.0036190076408437744
----------------------------------
----------------------------------
Iteration = 103
Distance = 0.00013854991720796406
v max = -0.9912199706324567
v min = -2.0079857759901207
d1 max = 5.0208582758789065e-5
d1 min = 5.0208582758789065e-5
d2 max = 0.00016532309731336962
d2 min = 0.0001650907886294678
h1 max = 0.005656692585988115
h1 min = -0.0026257900891465736
h2 max = 0.008087734512505584
h2 min = -0.00019474831866095614
hz max = 0.003718970613376671
hz min = -0.003888790946948162
----------------------------------
----------------------------------
Iteration = 104
Distance = 0.00014369338435149537
v max = -0.991091888227684
v min = -2.0081046137284955
d1 max = 5.068347846740967e-5
d1 min = 5.068347846740967e-5
d2 max = 0.00014739129519412354
d2 min = 0.00014715306944470006
h1 max = 0.0057630988242709895
h1 min = -0.002727866424761129
h2 max = 0.008201042944004174
h2 min = -0.00028992266710390355
hz max = 0.004046227902301802
hz min = -0.004179946902096998
----------------------------------
----------------------------------
Iteration = 105
Distance = 0.00014927899292804803
v max = -0.9909602778436353
v min = -2.00822692203676
d1 max = 5.115813672817597e-5
d1 min = 5.115813672817597e-5
d2 max = 0.00012946850567913936
d2 min = 0.0001292243197693737
h1 max = 0.0058783200691465785
h1 min = -0.0028372328523630927
h2 max = 0.008323173034185704
h2 min = -0.00039238048151940606
hz max = 0.004401533859658691
hz min = -0.004494228882734874
----------------------------------
----------------------------------
Iteration = 106
Distance = 0.0001553460171017651
v max = -0.9908248681263923
v min = -2.0083554559386303
d1 max = 5.163255765981188e-5
d1 min = 5.163255765981188e-5
d2 max = 0.00011155472471547902
d2 min = 0.0001113045351138571
h1 max = 0.0060031079353832255
h1 min = -0.0029544815825221244
h2 max = 0.008454876045124595
h2 min = -0.0005027143276010479
hz max = 0.004787300543627748
hz min = -0.004833537736018689
----------------------------------
----------------------------------
Iteration = 107
Distance = 0.00016193727284496973
v max = -0.9906667191577784
v min = -2.0085091627682816
d1 max = 5.2106741380981975e-5
d1 min = 5.2106741380981975e-5
d2 max = 9.364994825704392e-5
d2 min = 9.339371099039952e-5
h1 max = 0.006138279289073935
h1 min = -0.003080254668571447
h2 max = 0.008596968485316641
h2 min = -0.0006215666189054573
hz max = 0.005206149705128671
hz min = -0.005199934492596259
----------------------------------
----------------------------------
Iteration = 108
Distance = 0.00016909944685172817
v max = -0.9904976197109266
v min = -2.008670131403532
d1 max = 5.258068801029149e-5
d1 min = 5.258068801029149e-5
d2 max = 7.57541722647096e-5
d2 min = 7.54918429131011e-5
h1 max = 0.00628472199839336
h1 min = -0.0032152483137624054
h2 max = 0.008750337860446843
h2 min = -0.0007496339240067069
hz max = 0.005660931271460612
hz min = -0.005595654210305279
----------------------------------
----------------------------------
Iteration = 109
Distance = 0.00017688345770183744
v max = -0.9903207362532248
v min = -2.008838997749786
d1 max = 5.3054397666286345e-5
d1 min = 5.3054397666286345e-5
d2 max = 5.78673927064716e-5
d2 min = 5.759892639432624e-5
h1 max = 0.006443401200886216
h1 min = -0.003360217563113844
h2 max = 0.00891594894069033
h2 min = -0.000887671658347489
hz max = 0.006154743490177639
hz min = -0.0060231210543371105
----------------------------------
----------------------------------
Iteration = 110
Distance = 0.0001853683094265035
v max = -0.9901353679437983
v min = -2.0090164736481726
d1 max = 5.35278704674532e-5
d1 min = 5.35278704674532e-5
d2 max = 3.9989605557604115e-5
d2 min = 3.971495688824223e-5
h1 max = 0.006613855381173832
h1 min = -0.003515981416096953
h2 max = 0.009094850592301158
h2 min = -0.0010349884560857461
hz max = 0.006690954886607314
hz min = -0.006484964730007481
----------------------------------
----------------------------------
Iteration = 111
Distance = 0.0001945992277483377
v max = -0.98994076871605
v min = -2.0092033183222857
d1 max = 5.4001106532219475e-5
d1 min = 5.4001106532219475e-5
d2 max = 2.212080658237891e-5
d2 min = 2.183992999274635e-5
h1 max = 0.006800152958491252
h1 min = -0.0036837216097798304
h2 max = 0.009288476435293208
h2 min = -0.0011954008322607379
hz max = 0.00727322820387899
hz min = -0.006984038396666281
----------------------------------
----------------------------------
Iteration = 112
Distance = 0.0002046350002794517
v max = -0.9897361337157705
v min = -2.0094003488353387
d1 max = 5.447410597895337e-5
d1 min = 5.447410597895337e-5
d2 max = 4.260991942137065e-6
d2 min = 3.973841215580579e-6
h1 max = 0.007002134338181138
h1 min = -0.003864162804392254
h2 max = 0.00949782707440387
h2 min = -0.0013684732633995004
hz max = 0.007905546507648298
hz min = -0.007523438201362809
----------------------------------
----------------------------------
Iteration = 113
Distance = 0.00021028793929456224
v max = -0.989525845776476
v min = -2.0096101992290527
d1 max = 5.4946868925963895e-5
d1 min = 5.4946868925963895e-5
d2 max = 0.001
d2 min = 0.001
h1 max = 0.007222660326801087
h1 min = -0.004058353018572138
h2 max = 0.009724252762005182
h2 min = -0.0015567643087069434
hz max = 0.008592241663147315
hz min = -0.008106524593011755
----------------------------------
----------------------------------
Iteration = 114
Distance = 0.0002221312670160902
v max = -0.9893037145094599
v min = -2.009832073193088
d1 max = 5.5419395491500917e-5
d1 min = 5.5419395491500917e-5
d2 max = 0.0009816513355488873
d2 min = 0.0009816447885015213
h1 max = 0.0074604473633230126
h1 min = -0.004268514455676351
h2 max = 0.009970306727509171
h2 min = -0.0017586594896936015
hz max = 0.009338029078877486
hz min = -0.008736949023621654
----------------------------------
----------------------------------
Iteration = 115
Distance = 0.00023501623632105062
v max = -0.9890686982731388
v min = -2.010067017904207
d1 max = 5.589168579375517e-5
d1 min = 5.589168579375517e-5
d2 max = 0.0009633119008260931
d2 min = 0.0009632987551536391
h1 max = 0.007718325638153763
h1 min = -0.004494768131681322
h2 max = 0.010236472259651816
h2 min = -0.001976626672383343
hz max = 0.01014803121892116
hz min = -0.009418669566684246
----------------------------------
----------------------------------
Iteration = 116
Distance = 0.000249152705651845
v max = -0.9888196612085148
v min = -2.0103161706098587
d1 max = 5.636373995085829e-5
d1 min = 5.636373995085829e-5
d2 max = 0.000944981691856248
d2 min = 0.0009449618953498073
h1 max = 0.00799803169149494
h1 min = -0.00473845376047111
h2 max = 0.010524485636522973
h2 min = -0.002212005842745278
hz max = 0.011027824457741087
hz min = -0.010155987990672077
----------------------------------
----------------------------------
Iteration = 117
Distance = 0.00026459550703084034
v max = -0.9885553644334276
v min = -2.0105807661168895
d1 max = 5.6835558080882865e-5
d1 min = 5.6835558080882865e-5
d2 max = 0.0009266607046775476
d2 min = 0.0009266342044822602
h1 max = 0.008301454907955915
h1 min = -0.005001026518133002
h2 max = 0.010836235978121278
h2 min = -0.002466252452441358
hz max = 0.011983476385250547
hz min = -0.010953577136545434
----------------------------------
----------------------------------
Iteration = 118
Distance = 0.0002813787344853047
v max = -0.9882744563624812
v min = -2.010862144851375
d1 max = 5.730714030184242e-5
d1 min = 5.730714030184242e-5
d2 max = 0.0009083489353423905
d2 min = 0.0009083156779443019
h1 max = 0.008630651253652167
h1 min = -0.005284067369458349
h2 max = 0.01117377898376046
h2 min = -0.00274094774510163
hz max = 0.013021589960307556
hz min = -0.011816514108178855
----------------------------------
----------------------------------
Iteration = 119
Distance = 0.00029961667141265025
v max = -0.9879754620566167
v min = -2.0111617615227875
d1 max = 5.77784867316915e-5
d1 min = 5.77784867316915e-5
d2 max = 0.0008900463799180795
d2 min = 0.0008900063111330226
h1 max = 0.008987858287636478
h1 min = -0.005589294370701226
h2 max = 0.011539351943859324
h2 min = -0.003037810058828051
hz max = 0.014149351760241458
hz min = -0.012750316600598222
----------------------------------
----------------------------------
Iteration = 120
Distance = 0.0003194329026188214
v max = -0.9876567714941397
v min = -2.0114811944254063
d1 max = 5.824959748832566e-5
d1 min = 5.824959748832566e-5
d2 max = 0.0008717530344875916
d2 min = 0.0008717060994443014
h1 max = 0.009375511572375313
h1 min = -0.005918575049283822
h2 max = 0.011935390150800428
h2 min = -0.003358707205619369
hz max = 0.015374584727149698
hz min = -0.013760982689656198
----------------------------------
----------------------------------
Iteration = 121
Distance = 0.0003409609835860472
v max = -0.9873166266410635
v min = -2.0118221554089923
d1 max = 5.87204726895815e-5
d1 min = 5.87204726895815e-5
d2 max = 0.0008534688951504238
d2 min = 0.0008534150382742459
h1 max = 0.009796262621289492
h1 min = -0.006273939972896249
h2 max = 0.012364544846907946
h2 min = -0.003705670040148718
hz max = 0.016705805854676514
hz min = -0.014855034444564708
----------------------------------
----------------------------------
Iteration = 122
Distance = 0.0003643451400838771
v max = -0.9869531071825675
v min = -2.012186500549076
d1 max = 5.9191112453236714e-5
d1 min = 5.9191112453236714e-5
d2 max = 0.0008351939580235248
d2 min = 0.0008351331230190191
h1 max = 0.010252998536438417
h1 min = -0.006657597633775411
h2 max = 0.012829702862609836
h2 min = -0.004080907343685829
hz max = 0.018152289307271086
hz min = -0.016039565767581032
----------------------------------
----------------------------------
Iteration = 123
Distance = 0.00038974099553135133
v max = -0.9865641147588398
v min = -2.0125762415446076
d1 max = 5.9661516897010095e-5
d1 min = 5.9661516897010095e-5
d2 max = 0.0008169282192423202
d2 min = 0.0008168603490746522
h1 max = 0.010748863506322707
h1 min = -0.007071950789124468
h2 max = 0.013334008114773073
h2 min = -0.0044868221641164024
hz max = 0.019724135518265906
hz min = -0.017322294913905134
----------------------------------
----------------------------------
Iteration = 124
Distance = 0.0004173163223000209
v max = -0.9861473555271285
v min = -2.0129935578669076
d1 max = 6.0131686138561594e-5
d1 min = 6.0131686138561594e-5
d2 max = 0.0007986716749618438
d2 min = 0.0007985967118368439
h1 max = 0.011287282352916818
h1 min = -0.007519614415926664
h2 max = 0.013880885154330433
h2 min = -0.004926029770300415
hz max = 0.021432346874613872
hz min = -0.018711622200436595
----------------------------------
----------------------------------
Iteration = 125
Distance = 0.00044725181175619966
v max = -0.985700320846969
v min = -2.013440809678664
d1 max = 6.0601620295492316e-5
d1 min = 6.0601620295492316e-5
d2 max = 0.0007804243213579852
d2 min = 0.0007803422066890637
h1 max = 0.011871986338717338
h1 min = -0.008003435458167034
h2 max = 0.014474064973982508
h2 min = -0.005401377398790932
hz max = 0.023288910665809348
hz min = -0.020216693475553493
----------------------------------
----------------------------------
Iteration = 126
Distance = 0.0004800549903368756
v max = -0.9852202658566321
v min = -2.0139205515347114
d1 max = 6.107131948534458e-5
d1 min = 6.107131948534458e-5
d2 max = 0.0007621861546288689
d2 min = 0.0007620968290354522
h1 max = 0.012507041469225657
h1 min = -0.008526514567071987
h2 max = 0.01511761331141608
h2 min = -0.005915965993507014
hz max = 0.02530689005368625
hz min = -0.02184746999469689
----------------------------------
----------------------------------
Iteration = 127
Distance = 0.0005160801814917404
v max = -0.9847041856751404
v min = -2.0144355468672925
d1 max = 6.15407838256019e-5
d1 min = 6.15407838256019e-5
d2 max = 0.0007439571709963804
d2 min = 0.0007438605742694541
h1 max = 0.013196879554441623
h1 min = -0.009092230060928077
h2 max = 0.015815961711608505
h2 min = -0.006473174164913483
hz max = 0.027500523910266583
hz min = -0.023614805429948427
----------------------------------
----------------------------------
Iteration = 128
Distance = 0.0005553967503534318
v max = -0.984148788924787
v min = -2.014988783246813
d1 max = 6.201001343368911e-5
d1 min = 6.201001343368911e-5
d2 max = 0.0007257373667078557
d2 min = 0.0007256334377831557
h1 max = 0.013946332325136312
h1 min = -0.009704264360846598
h2 max = 0.016573941643999612
h2 min = -0.007076684625070093
hz max = 0.029885336474323176
hz min = -0.025530530837607757
----------------------------------
----------------------------------
Iteration = 129
Distance = 0.0005983207018608327
v max = -0.9835504682229261
v min = -2.01558348839449
d1 max = 6.247900842697226e-5
d1 min = 6.247900842697226e-5
d2 max = 0.000707526738037954
d2 min = 0.0007074154149670696
h1 max = 0.014760668936715515
h1 min = -0.010366633193186628
h2 max = 0.01739682200736175
h2 min = -0.007730513389250537
hz max = 0.032478257896435825
hz min = -0.02760754851814956
----------------------------------
----------------------------------
Iteration = 130
Distance = 0.0006452009853976648
v max = -0.9829052672375285
v min = -2.016223146904937
d1 max = 6.294776892275878e-5
d1 min = 6.294776892275878e-5
d2 max = 0.0006893252812907398
d2 min = 0.0006892065012098334
h1 max = 0.015645637236284912
h1 min = -0.011083717889029945
h2 max = 0.01829035039798734
h2 min = -0.008439042074510855
hz max = 0.035297756879789366
hz min = -0.0298599358304788
----------------------------------
----------------------------------
Iteration = 131
Distance = 0.0007034194116126713
v max = -0.9822088438370642
v min = -2.0169115176141297
d1 max = 6.34162950382974e-5
d1 min = 6.34162950382974e-5
d2 max = 0.000671132992801995
d2 min = 0.000671006691897889
h1 max = 0.01660750921812533
h1 min = -0.01186030115698881
h2 max = 0.01926079856640726
h2 min = -0.009207053671477634
hz max = 0.03836398678344538
hz min = -0.03230306016991341
----------------------------------
----------------------------------
Iteration = 132
Distance = 0.0007679775856220816
v max = -0.9814564287897241
v min = -2.0176526515204563
d1 max = 6.388458689077826e-5
d1 min = 6.388458689077826e-5
d2 max = 0.0006529498689417954
d2 min = 0.0006528159824072276
h1 max = 0.0176531311505759
h1 min = -0.012701606758894769
h2 max = 0.02031501254567787
h2 min = -0.010039772218880203
hz max = 0.04169894674059926
hz min = -0.034953706490495895
----------------------------------
----------------------------------
Iteration = 133
Distance = 0.0008386725243301196
v max = -0.980642779377494
v min = -2.0184509101328247
d1 max = 6.435264459733288e-5
d1 min = 6.435264459733288e-5
d2 max = 0.0006347759061173835
d2 min = 0.0006346343681159709
h1 max = 0.01878997892502454
h1 min = -0.013613343579821944
h2 max = 0.02146046800192882
h2 min = -0.010942906872282157
hz max = 0.04532665956182763
hz min = -0.03783021895124222
----------------------------------
----------------------------------
Iteration = 134
Distance = 0.0009161504078712968
v max = -0.9797621271842386
v min = -2.01931098407901
d1 max = 6.48204682750342e-5
d1 min = 6.48204682750342e-5
d2 max = 0.0006166111007763783
d2 min = 0.0006164618444110968
h1 max = 0.02002621925726211
h1 min = -0.014601754656096378
h2 max = 0.022705331437482913
h2 min = -0.011922700930607514
hz max = 0.0492733684492222
hz min = -0.04095265849795776
----------------------------------
----------------------------------
Iteration = 135
Distance = 0.0010011354360400793
v max = -0.9788081191902516
v min = -2.02023791175836
d1 max = 6.528805804089669e-5
d1 min = 6.528805804089669e-5
d2 max = 0.0005984554494103671
d2 min = 0.0005982984066667266
h1 max = 0.0213707774656377
h1 min = -0.01567367180925853
h2 max = 0.024058527970982332
h2 min = -0.012985986468437384
hz max = 0.05356775484983006
hz min = -0.044342978463284
----------------------------------
----------------------------------
Iteration = 136
Distance = 0.001094440836592936
v max = -0.9777737511542783
v min = -2.0212370977643737
d1 max = 6.575541401187624e-5
d1 min = 6.575541401187624e-5
d2 max = 0.0005803089485589321
d2 min = 0.0005801440502528983
h1 max = 0.02283341266228938
h1 min = -0.016836576632805127
h2 max = 0.02552981653085666
h2 min = -0.014140245320850696
hz max = 0.058241180136485715
hz min = -0.04802522058534542
----------------------------------
----------------------------------
Iteration = 137
Distance = 0.0011969816714545445
v max = -0.9766512920825028
v min = -2.0223143307328635
d1 max = 6.62225363048703e-5
d1 min = 6.62225363048703e-5
d2 max = 0.0005621715948141745
d2 min = 0.0005619987705351357
h1 max = 0.024424801327446535
h1 min = -0.01809866869463396
h2 max = 0.027129873432155317
h2 min = -0.01539367728370497
hz max = 0.06332795423381749
hz min = -0.052025734218563435
----------------------------------
----------------------------------
Iteration = 138
Distance = 0.0013097897729044128
v max = -0.9754321983656983
v min = -2.023475800188806
d1 max = 6.668942503671787e-5
d1 min = 6.668942503671787e-5
d2 max = 0.0005440433848258066
d2 min = 0.0005438625628740009
h1 max = 0.026156630397396626
h1 min = -0.01946894195496585
h2 max = 0.028870385467387315
h2 min = -0.016755276529095278
hz max = 0.06886563482342761
hz min = -0.05637342195001088
----------------------------------
----------------------------------
Iteration = 139
Distance = 0.001434031210064135
v max = -0.9741070159024293
v min = -2.0247281118675384
d1 max = 6.715608032419951e-5
d1 min = 6.715608032419951e-5
d2 max = 0.0005259243153068973
d2 min = 0.0005257354226246362
h1 max = 0.028041701190697217
h1 min = -0.020957270561298716
h2 max = 0.030764153836026344
h2 min = -0.018234917397477367
hz max = 0.07489536138587993
hz min = -0.061100015354696446
----------------------------------
----------------------------------
Iteration = 140
Distance = 0.0015710267699614588
v max = -0.9726652682074448
v min = -2.0260783008716077
d1 max = 6.762250228403741e-5
d1 min = 6.762250228403741e-5
d2 max = 0.00050781438304037
d2 min = 0.0005076173451362962
h1 max = 0.03009404573283149
h1 min = -0.02257450537384132
h2 max = 0.032825210472929016
h2 min = -0.01984345091986689
hz max = 0.08146222909432677
hz min = -0.0662403852399368
----------------------------------
----------------------------------
Iteration = 141
Distance = 0.0017222760409999482
v max = -0.9710953281172369
v min = -2.027533841890848
d1 max = 6.808869103289539e-5
d1 min = 6.808869103289539e-5
d2 max = 0.0004897135848863679
d2 min = 0.0004895083257407553
h1 max = 0.032329057327172325
h1 min = -0.024332582803382918
h2 max = 0.03506894862363656
h2 min = -0.021592813651979435
hz max = 0.08861570849937661
hz min = -0.07183289146340088
----------------------------------
----------------------------------
Iteration = 142
Distance = 0.001889485815104952
v max = -0.9693842702327033
v min = -2.029102655557562
d1 max = 6.855464668737895e-5
d1 min = 6.855464668737895e-5
d2 max = 0.00047162191779062754
d2 min = 0.00047140835977410014
h1 max = 0.03476363757332181
h1 min = -0.026244647816692803
h2 max = 0.03751226986773902
h2 min = -0.02349615067534056
hz max = 0.09641011808003502
hz min = -0.07791977828733004
----------------------------------
----------------------------------
Iteration = 143
Distance = 0.0020746036848612315
v max = -0.9675177006611253
v min = -2.030793109828093
d1 max = 6.902036936403526e-5
d1 min = 6.902036936403526e-5
d2 max = 0.00045353937879402423
d2 min = 0.00045331744257538455
h1 max = 0.037416362469873066
h1 min = -0.02832519329254718
h2 max = 0.04017375022748634
h2 min = -0.025567954948334824
hz max = 0.10490515813701418
hz min = -0.08454762228569002
----------------------------------
----------------------------------
Iteration = 144
Distance = 0.0022798579124531093
v max = -0.9654795599096766
v min = -2.0326140150733485
d1 max = 6.948585917935325e-5
d1 min = 6.948585917935325e-5
d2 max = 0.00043546596504348485
d2 min = 0.0004352355694657555
h1 max = 0.04030767077975475
h1 min = -0.0305902183072282
h2 max = 0.043073828539984226
h2 min = -0.02782422558594153
hz max = 0.11416651624390595
hz min = -0.09176784109295677
----------------------------------
----------------------------------
Iteration = 145
Distance = 0.002507804899833599
v max = -0.9632518939063736
v min = -2.0345746113205334
d1 max = 6.995111624976358e-5
d1 min = 6.995111624976358e-5
d2 max = 0.00041740167380450554
d2 min = 0.00041716273575821163
h1 max = 0.04346007851148458
h1 min = -0.03305740840840626
h2 max = 0.04623502094650888
h2 min = -0.030282648126895437
hz max = 0.12426655664201536
hz min = -0.09963727282627288
----------------------------------
----------------------------------
Iteration = 146
Distance = 0.0027613859097471716
v max = -0.9608145870378105
v min = -2.0366845458124714
d1 max = 7.04161406916387e-5
d1 min = 7.04161406916387e-5
d2 max = 0.00039934650247555733
d2 min = 0.0003990989367572246
h1 max = 0.04689842421671437
h1 min = -0.03574634152207375
h2 max = 0.049682166199610654
h2 min = -0.03296280043277278
hz max = 0.1352851086873666
hz min = -0.10821883789537828
----------------------------------
----------------------------------
Iteration = 147
Distance = 0.0030439950957202866
v max = -0.9581450497391946
v min = -2.038953838735164
d1 max = 7.088093262129288e-5
d1 min = 7.088093262129288e-5
d2 max = 0.00038130044860472395
d2 min = 0.00038104416775841337
h1 max = 0.050650150872908334
h1 min = -0.03867872385651498
h2 max = 0.053442707557196226
h2 min = -0.03588638858273835
hz max = 0.14731037289274107
hz min = -0.11758229722668989
----------------------------------
----------------------------------
Iteration = 148
Distance = 0.0033595614238660643
v max = -0.9552178514765718
v min = -2.041392834603646
d1 max = 7.134549215498224e-5
d1 min = 7.134549215498224e-5
d2 max = 0.00036326350990899134
d2 min = 0.00036299842404829014
h1 max = 0.054745631475142095
h1 min = -0.041878661056779114
h2 max = 0.05754701838801963
h2 min = -0.03907751801715198
hz max = 0.1604399674635873
hz min = -0.12780512378683523
----------------------------------
----------------------------------
Iteration = 149
Distance = 0.003712647748253528
v max = -0.9520042878256871
v min = -2.044012136384988
d1 max = 7.180981940890476e-5
d1 min = 7.180981940890476e-5
d2 max = 0.0003452356842967006
d2 min = 0.0003449617009040964
h1 max = 0.05921854718939023
h1 min = -0.045372970971454415
h2 max = 0.06202878034151369
h2 min = -0.04256300629147412
hz max = 0.17478214378218948
hz min = -0.13897350785323004
----------------------------------
----------------------------------
Iteration = 150
Distance = 0.004108571186742904
v max = -0.9484718676466518
v min = -2.0468225189685523
d1 max = 7.227391449920032e-5
d1 min = 7.227391449920032e-5
d2 max = 0.00032721696989379583
d2 min = 0.00032693399359375323
h1 max = 0.06410632913667584
h1 min = -0.04919154578582395
h2 max = 0.06692542515209424
h2 min = -0.046372745194088634
hz max = 0.19045720642087344
hz min = -0.15118352095426973
----------------------------------
----------------------------------
Iteration = 151
Distance = 0.004553550107563864
v max = -0.9445837029048568
v min = -2.0498348180586454
d1 max = 7.273777754195071e-5
d1 min = 7.273777754195071e-5
d2 max = 0.00030920736507464693
d2 min = 0.00030891529737595214
h1 max = 0.0694506777382004
h1 min = -0.053367773039831985
h2 max = 0.0722786540089768
h2 min = -0.05054012174590271
hz max = 0.20759918246033515
hz min = -0.1645424690725461
----------------------------------
----------------------------------
Iteration = 152
Distance = 0.005054884578959418
v max = -0.9402977792624266
v min = -2.0530597899524126
d1 max = 7.320140865317974e-5
d1 min = 7.320140865317974e-5
d2 max = 0.0002912068684984218
d2 min = 0.0002909056075004173
h1 max = 0.07529817726554823
h1 min = -0.057939027305922076
h2 max = 0.07813505213687434
h2 min = -0.055102509856052695
hz max = 0.2263577968274719
hz min = -0.17917047295757355
----------------------------------
----------------------------------
Iteration = 153
Distance = 0.005621179196444226
v max = -0.9355660798431616
v min = -2.0565079369611974
d1 max = 7.366480794885316e-5
d1 min = 7.366480794885316e-5
d2 max = 0.00027321547915222716
d2 min = 0.0002729049192083736
h1 max = 0.08170102809328444
h1 min = -0.06294724721634709
h2 max = 0.0845468210865115
h2 min = -0.06010184732233412
hz max = 0.24690082596706936
hz min = -0.19520232276221544
----------------------------------
----------------------------------
Iteration = 154
Distance = 0.006262619985987428
v max = -0.9303335271215959
v min = -2.060189292416174
d1 max = 7.412797554487873e-5
d1 min = 7.412797554487873e-5
d2 max = 0.00025523319640256094
d2 min = 0.00025491322772289263
h1 max = 0.08871792553653632
h1 min = -0.0684396163322479
h2 max = 0.0915726576197046
h2 min = -0.06558531666740312
hz max = 0.2694169226865231
hz min = -0.21278966643933558
----------------------------------
----------------------------------
Iteration = 155
Distance = 0.0069913208761404055
v max = -0.9245366981003867
v min = -2.064113158240116
d1 max = 7.459091155710629e-5
d1 min = 7.459091155710629e-5
d2 max = 0.00023726002005704103
d2 min = 0.00023693052827738104
h1 max = 0.09641512261877476
h1 min = -0.0744693713608387
h2 max = 0.09927881653710056
h2 min = -0.07160615331538782
hz max = 0.2941190322149259
hz min = -0.23210360745092948
----------------------------------
----------------------------------
Iteration = 156
Distance = 0.007821760458561866
v max = -0.9181022549765294
v min = -2.0682877869258096
d1 max = 7.505361610132774e-5
d1 min = 7.505361610132774e-5
d2 max = 0.00021929595043893233
d2 min = 0.00021895681609787585
h1 max = 0.1048677254188362
h1 min = -0.08109676791033156
h2 max = 0.10774040610146265
h2 min = -0.07822461129630255
hz max = 0.32124855585295964
hz min = -0.25333780882295404
----------------------------------
----------------------------------
Iteration = 157
Distance = 0.008771337033178228
v max = -0.9108623675644977
v min = -2.0727199983796827
d1 max = 7.551608929327708e-5
d1 min = 7.551608929327708e-5
d2 max = 0.00020134098847774206
d2 min = 0.00020099208640208198
h1 max = 0.11416128487305233
h1 min = -0.08839024298005423
h2 max = 0.11704297993758568
h2 min = -0.08550912567263393
hz max = 0.3510804675352436
hz min = -0.2767122295312924
----------------------------------
----------------------------------
Iteration = 158
Distance = 0.009861080182592352
v max = -0.9010012873819053
v min = -2.077414720383107
d1 max = 7.597833124863044e-5
d1 min = 7.597833124863044e-5
d2 max = 0.00018339513582016175
d2 min = 0.00018303633440620002
h1 max = 0.1243937696074155
h1 min = -0.09642782566276711
h2 max = 0.12728450999089916
h2 min = -0.09353772316090497
hz max = 0.3839296551623467
hz min = -0.30247765867230825
----------------------------------
----------------------------------
Iteration = 159
Distance = 0.011116571730155789
v max = -0.8898847156517495
v min = -2.082374439274319
d1 max = 7.644034208300612e-5
d1 min = 7.644034208300612e-5
d2 max = 0.0001654583949670158
d2 min = 0.00016508955532765045
h1 max = 0.13567803279226165
h1 min = -0.10529886447163699
h2 max = 0.13857785354706023
h2 min = -0.10239974935481376
hz max = 0.4201588499058173
hz min = -0.3309212673040729
----------------------------------
----------------------------------
Iteration = 160
Distance = 0.012569150034342225
v max = -0.8773155656174073
v min = -2.0875985446910774
d1 max = 7.690212191196462e-5
d1 min = 7.690212191196462e-5
d2 max = 0.00014753076944378952
d2 min = 0.0001471517443884062
h1 max = 0.14814492544710406
h1 min = -0.11510616334155753
h2 max = 0.1510538667538938
h2 min = -0.11219800459142586
hz max = 0.46018863345160366
hz min = -0.36237347381732676
----------------------------------
----------------------------------
Iteration = 161
Distance = 0.01425750246394808
v max = -0.8630580631534592
v min = -2.0930825485973927
d1 max = 7.736367085100864e-5
d1 min = 7.736367085100864e-5
d2 max = 0.00012961226401499954
d2 min = 0.00012922289681902496
h1 max = 0.16194726399013376
h1 min = -0.12621311718859496
h2 max = 0.16486537245956498
h2 min = -0.1232959339357466
hz max = 0.5045101911213767
hz min = -0.39800224774910187
----------------------------------
----------------------------------
Iteration = 162
Distance = 0.016229796805423358
v max = -0.8468282663480359
v min = -2.098817154008944
d1 max = 7.782498901558314e-5
d1 min = 7.782498901558314e-5
d2 max = 0.00011170288495650668
d2 min = 0.00011130300786348643
h1 max = 0.1772649385550732
h1 min = -0.13856391954393177
h2 max = 0.180192268917394
h2 min = -0.13563761873490654
hz max = 0.553701731880272
hz min = -0.4376282513812993
----------------------------------
----------------------------------
Iteration = 163
Distance = 0.018546571671301026
v max = -0.8282816946767348
v min = -2.1047871423606073
d1 max = 7.828607652107535e-5
d1 min = 7.828607652107535e-5
d2 max = 9.380264040544096e-5
d2 min = 9.339207278495875e-5
h1 max = 0.19431156210195497
h1 min = -0.15230228931151382
h2 max = 0.1972481794241313
h2 min = -0.14936682304732904
hz max = 0.6084498610952777
hz min = -0.48171339104961997
----------------------------------
----------------------------------
Iteration = 164
Distance = 0.02128472346219923
v max = -0.8069969712145356
v min = -2.110970045655967
d1 max = 7.874693348281482e-5
d1 min = 7.874693348281482e-5
d2 max = 7.591154081563892e-5
d2 min = 7.549008681901275e-5
h1 max = 0.21334170249214607
h1 min = -0.16762527791601936
h2 max = 0.216289209098192
h2 min = -0.16467905660899745
hz max = 0.6695777259021268
hz min = -0.5308910078408088
----------------------------------
----------------------------------
Iteration = 165
Distance = 0.024543066927940393
v max = -0.7824539042865952
v min = -2.1173345647876647
d1 max = 7.92075600160734e-5
d1 min = 7.92075600160734e-5
d2 max = 5.802959883803708e-5
d2 min = 5.7597045393395664e-5
h1 max = 0.23466838794886605
h1 min = -0.18476940002151548
h2 max = 0.23762629420190834
h2 min = -0.18181294796183617
hz max = 0.7380825476279499
hz min = -0.5859191225145144
----------------------------------
----------------------------------
Iteration = 166
Distance = 0.028450146541944665
v max = -0.7540037577446506
v min = -2.12383855455071
d1 max = 7.966795623606537e-5
d1 min = 7.966795623606537e-5
d2 max = 4.015683189608429e-5
d2 min = 3.9712943824377826e-5
h1 max = 0.2586705912050701
h1 min = -0.20401921763881567
h2 max = 0.26163907551295623
h2 min = -0.2010523910671702
hz max = 0.8151863582102559
hz min = -0.6477141718746995
----------------------------------
----------------------------------
Iteration = 167
Distance = 0.03317576577539316
v max = -0.7208279919692574
v min = -2.1304266807358596
d1 max = 8.012812225794734e-5
d1 min = 8.012812225794734e-5
d2 max = 2.229326225973916e-5
d2 min = 2.1837777534200705e-5
h1 max = 0.28582009791137
h1 min = -0.22572328930505497
h2 max = 0.2887993698557671
h2 min = -0.222745923802576
hz max = 0.9024056178490654
hz min = -0.7173964483447052
----------------------------------
----------------------------------
Iteration = 168
Distance = 0.03894783393214285
v max = -0.6818801580371145
v min = -2.1370274909100875
d1 max = 8.058805819681837e-5
d1 min = 8.058805819681837e-5
d2 max = 4.4389185853741446e-6
d2 min = 3.971542013808818e-6
h1 max = 0.31671050012368457
h1 min = -0.25031291897629077
h2 max = 0.3197008110150157
h2 min = -0.24732482306017758
hz max = 1.0016483212008955
hz min = -0.7963521979052266
----------------------------------
----------------------------------
Iteration = 169
Distance = 0.046072624647421234
v max = -0.6358075333896933
v min = -2.143552286293992
d1 max = 8.104776416771996e-5
d1 min = 8.104776416771996e-5
d2 max = 0.001
d2 min = 0.001
h1 max = 0.3521016461508768
h1 min = -0.2783289825598948
h2 max = 0.3551017669436039
h2 min = -0.27533148299149895
hz max = 1.1153519386023882
hz min = -0.8863198438398836
----------------------------------
----------------------------------
Iteration = 170
Distance = 0.05499540241656342
v max = -0.5808121309731299
v min = -2.1498830372258344
d1 max = 8.15072402856361e-5
d1 min = 8.15072402856361e-5
d2 max = 0.0009816581096481446
d2 min = 0.0009816444363295567
h1 max = 0.3929765770520153
h1 min = -0.31046120408297234
h2 max = 0.3959889570405297
h2 min = -0.3074519770872641
hz max = 1.2466838687352886
hz min = -0.9895122036638156
----------------------------------
----------------------------------
Iteration = 171
Distance = 0.06633194793057151
v max = -0.5144801830425584
v min = -2.155874239754011
d1 max = 8.196648666549329e-5
d1 min = 8.196648666549329e-5
d2 max = 0.0009633260494811768
d2 min = 0.0009632979822367414
h1 max = 0.44064038621200274
h1 min = -0.34759863393099144
h2 max = 0.44366551601594884
h2 min = -0.3445773537363469
hz max = 1.3998367674516379
hz min = -1.10879101387617
----------------------------------
----------------------------------
Iteration = 172
Distance = 0.08099356431239513
v max = -0.43348661873016325
v min = -2.1613432721093586
d1 max = 8.242550342216054e-5
d1 min = 8.242550342216054e-5
d2 max = 0.0009450039869392262
d2 min = 0.0009449606327172268
h1 max = 0.496857185902255
h1 min = -0.3909142626683612
h2 max = 0.499895731884751
h2 min = -0.38788050035974403
hz max = 1.580481265154729
hz min = -1.2479263997052517
----------------------------------
----------------------------------
Iteration = 173
Distance = 0.1003594754522743
v max = -0.33312714327788895
v min = -2.166061660696335
d1 max = 8.288429067044946e-5
d1 min = 8.288429067044946e-5
d2 max = 0.0009266921736438245
d2 min = 0.0009266323828417189
h1 max = 0.5640709546978677
h1 min = -0.44198499738189284
h2 max = 0.5671238471405621
h2 min = -0.4389381746389102
hz max = 1.796473450316212
hz min = -1.4119867233097387
----------------------------------
----------------------------------
Iteration = 174
Distance = 0.12659357488233952
v max = -0.20653356839554943
v min = -2.169744903916881
d1 max = 8.334284852511424e-5
d1 min = 8.334284852511424e-5
d2 max = 0.0009083910103605669
d2 min = 0.0009083132277587961
h1 max = 0.6457626431346363
h1 min = -0.5029800316263399
h2 max = 0.6488312217403778
h2 min = -0.49991934789824677
hz max = 2.059002835857421
hz min = -1.60794402779808
----------------------------------
----------------------------------
Iteration = 175
Distance = 0.16323776434480566
v max = -0.04329580405074376
v min = -2.172042217483788
d1 max = 8.380117710085169e-5
d1 min = 8.380117710085169e-5
d2 max = 0.0008901011893660267
d2 min = 0.0008900031626960621
h1 max = 0.747052482952011
h1 min = -0.576962652936183
h2 max = 0.7501387472013071
h2 min = -0.5738869668487733
hz max = 2.384528593333683
hz min = -1.8456440834568004
----------------------------------
----------------------------------
Iteration = 176
Distance = 0.21639012605641736
v max = 0.1730943220056736
v min = -2.181104494388885
d1 max = 8.425927651230126e-5
d1 min = 8.425927651230126e-5
d2 max = 0.0008718240592472745
d2 min = 0.0008717021829578013
h1 max = 0.8757636475166357
h1 min = -0.6683919849681049
h2 max = 0.8788707091622139
h2 min = -0.6652996134509465
hz max = 2.798198940422452
hz min = -2.139419048339003
----------------------------------
----------------------------------
Iteration = 177
Distance = 0.29721353145393486
v max = 0.47030785345960846
v min = -2.195311426316826
d1 max = 8.471714687404512e-5
d1 min = 8.471714687404512e-5
d2 max = 0.0008579096223686793
d2 min = 0.0008474545762947508
h1 max = 1.0444058614670695
h1 min = -0.7839938607181913
h2 max = 1.0475388116808273
h2 min = -0.7808822227023217
hz max = 3.3402280435775724
hz min = -2.510886561300855
----------------------------------
----------------------------------
Iteration = 178
Distance = 0.42775129566912384
v max = 0.8980591491287323
v min = -2.2114821119269368
d1 max = 8.517478830060811e-5
d1 min = 8.517478830060811e-5
d2 max = 0.0008419659826005611
d2 min = 0.0008279751520359313
h1 max = 1.2741254491130403
h1 min = -0.9343514229096024
h2 max = 1.277293143171047
h2 min = -0.9312163717367847
hz max = 4.078594922887673
hz min = -2.994062126278675
----------------------------------
----------------------------------
Iteration = 179
Distance = 0.6559153977479054
v max = 1.5539745468766377
v min = -2.230698034920515
d1 max = 8.563220090645781e-5
d1 min = 8.563220090645781e-5
d2 max = 0.0008273711632940707
d2 min = 0.00016359046102784906
h1 max = 1.6032300383892997
h1 min = -1.1469052252040004
h2 max = 1.6064491033723274
h2 min = -1.1437293432595128
hz max = 5.136450071467394
hz min = -3.677144051652278
----------------------------------
----------------------------------
Iteration = 180
Distance = 1.0997143953697404
v max = 2.653688942246378
v min = -2.2550572323681495
d1 max = 8.934018409802844e-5
d1 min = 8.608938480600459e-5
d2 max = 0.0008286152617409732
d2 min = 0.00014564384267145374
h1 max = 2.107537979210627
h1 min = -1.4753715564790204
h2 max = 2.11084286839269
h2 min = -1.472137936823582
hz max = 6.757540510968865
hz min = -4.732781598611417
----------------------------------
----------------------------------
Iteration = 181
Distance = 2.1033759556330094
v max = 4.7570648978793875
v min = -2.2889792428076605
d1 max = 0.00015286937460605535
d1 min = 8.654634011360158e-5
d2 max = 0.0008103376532323871
d2 min = 0.0001277108197948543
h1 max = 2.9557012520765102
h1 min = -2.0187728310699615
h2 max = 2.959173370914114
h2 min = -2.015430750318461
hz max = 9.484086005794948
hz min = -6.479245968134818
----------------------------------
----------------------------------
Iteration = 182
Distance = 4.9439082710527655
v max = 9.700973168932153
v min = -2.342944723836315
d1 max = 0.00015329293991875234
d1 min = 8.700306694354479e-5
d2 max = 0.0007920730054899358
d2 min = 0.00010978828232844436
h1 max = 4.588177838064649
h1 min = -3.0512494037671547
h2 max = 4.592048449216797
h2 min = -3.0476548286335112
hz max = 14.732255070629265
hz min = -9.797658974620886
----------------------------------
----------------------------------
Iteration = 183
Distance = 16.45076082570941
v max = 26.15173399464156
v min = -2.4466602357744414
d1 max = 0.000153716293448793
d1 min = 8.745956541007303e-5
d2 max = 0.0007738187340366257
d2 min = 9.187544229111978e-5
h1 max = 8.456252310652536
h1 min = -5.477954290643381
h2 max = 8.461378906136973
h2 min = -5.473570708986107
hz max = 27.168669740594012
hz min = -17.597292385804476
----------------------------------
----------------------------------
Iteration = 184
Distance = 104.04296185359712
v max = 130.194517677964
v min = -4.309601102190815
d1 max = 0.0001541394353020686
d1 min = 8.791583562736799e-5
d2 max = 0.0007555741770308757
d2 min = 7.400312763031588e-5
h1 max = 21.426205109297662
h1 min = -13.591790978307122
h2 max = 21.43426440090982
h2 min = -13.583754237221964
hz max = 68.86506596485674
hz min = -43.67607558035505
----------------------------------
----------------------------------
Iteration = 185
Distance = 2423.634214874724
v max = 2553.825397754733
v min = -50.84752361820345
d1 max = 0.0001545623655844176
d1 min = 8.837187770955431e-5
d2 max = 0.0007373390498366443
d2 min = 5.6108814927364175e-5
h1 max = 103.83536214962346
h1 min = -65.19922555402142
h2 max = 103.84381672038357
h2 min = -65.19096925215004
hz max = 333.7399261538767
hz min = -209.54878001149098
----------------------------------
----------------------------------
Iteration = 186
Distance = 920097.5704751955
v max = 922651.3958729503
v min = -17665.337459970404
d1 max = 0.0001549850844016254
d1 min = 8.882769177069954e-5
d2 max = 0.0007191131866687787
d2 min = 3.8223562082980396e-5
h1 max = 2025.2334335710532
h1 min = -1269.4893492704932
h2 max = 2025.2344531035142
h2 min = -1269.4844560771044
hz max = 6509.328039676607
hz min = -4080.293317700924
----------------------------------
----------------------------------
Iteration = 187
Distance = 1.1999010605771964e11
v max = 1.1999102870911551e11
v min = -2.298105181799406e9
d1 max = 0.0001554075918594246
d1 min = 8.928327792481419e-5
d2 max = 0.0007008964807203859
d2 min = 2.0347276068485065e-5
h1 max = 731400.9873423005
h1 min = -458193.4151805175
h2 max = 731396.158066703
h2 min = -458197.43420658924
hz max = 2.3507918333323016e6
hz min = -1.4726951417528659e6
----------------------------------
----------------------------------
Iteration = 188
Distance = 2.0294063788269398e21
v max = 2.0294063789469307e21
v min = -3.886773478421632e19
d1 max = 0.0001558298880634949
d1 min = 8.97386362858518e-5
d2 max = 0.0006826888857929501
d2 min = 2.4799040165284053e-6
h1 max = 9.512026814288069e10
h1 min = -5.962243059411223e10
h2 max = 9.511898832154529e10
h2 min = -5.9623496486202415e10
hz max = 3.057228347272873e11
hz min = -1.916352686167895e11
----------------------------------
----------------------------------
Iteration = 189
Distance = 5.805160766335706e41
v max = 5.805160766335706e41
v min = -1.1118207187353284e40
d1 max = 0.00015625197311946318
d1 min = 9.019376696770887e-5
d2 max = 0.001
d2 min = 0.0005083550362479625
h1 max = 1.6087962928672934e21
h1 min = -1.0076779014160235e21
h2 max = 1.6087522589103612e21
h2 min = -1.0077145081530911e21
hz max = 5.170685284327867e21
hz min = -3.2388514174493283e21
----------------------------------
----------------------------------
Iteration = 190
Distance = 4.75006341780134e82
v max = 4.75006341780134e82
v min = -9.097459718349053e80
d1 max = 0.00015667384713290345
d1 min = 9.064867008422502e-5
d2 max = 0.0009816430782527323
d2 min = 0.0004902432074899893
h1 max = 4.60216390446214e41
h1 min = -2.8849105413640017e41
h2 max = 4.601907670072461e41
h2 min = -2.8851237808214466e41
hz max = 1.47908570955231e42
hz min = -9.272757477456244e41
----------------------------------
----------------------------------
Iteration = 191
Distance = 3.1803674654959407e164
v max = 3.1803674654959407e164
v min = -6.091143839413954e162
d1 max = 0.00015709551020933702
d1 min = 9.110334574918292e-5
d2 max = 0.0009632955628444725
d2 min = 0.0004721399108589793
h1 max = 3.765991627867564e82
h1 min = -2.3580177647946568e82
h2 max = 3.765565136225543e82
h2 min = -2.3583717925099033e82
hz max = 1.2102595037462076e83
hz min = -7.579457898526655e82
----------------------------------
----------------------------------
Iteration = 192
Distance = NaN
v max = NaN
v min = NaN
d1 max = 0.00015751696245423237
d1 min = 9.155779407630833e-5
d2 max = 0.0009449576837352546
d2 min = 0.0004540446023398727
h1 max = 2.521869121369434e164
h1 min = -1.5807112919631855e164
h2 max = 2.5212882845238935e164
h2 min = -1.5811943493125148e164
hz max = 8.1031972597252e164
hz min = -5.081286915363565e164
----------------------------------
