parsed_args = parse_commandline() = Dict{String, Any}("optimize_over_ell" => 0, "state_dependent_xi" => 0, "symmetric_returns" => 1)
=============================================================
 Economy with two capital stocks: SYMMETRIC RETURNS          
 No tilting (xi is NOT state dependent)                      
  Calibrated values: A:0.05  phi_1cap: 28.0  alpha_k : -1.2790328319261377  C/I : 0.5727486121839516  I/K : 0.03179147615369309
=============================================================
 (1) Compute value function WITHOUT ROBUSTNESS
    Value Function Converged, Iteration = 7 with ell=Inf and v=-1.5883423725190655
 17.034035 seconds (22.95 M allocations: 4.683 GiB, 5.63% gc time, 51.88% compilation time)
=============================================================
 (2) ell_star is given, it is 0.055594409575544096
=============================================================
 (3) Compute value function WITH ROBUSTNESS
    Value Function Converged, Iteration = 11 with ell=0.055594409575544096 and v=-3.3952590902595077
=============================================================
 (4) Compute distance between worst-case and baseline
    alpha_tilde: -0.0075  kappa_tilde: 0.014  q: 0.20012966451719777  re: 0.020025941309883062  chernoff: 0.0  halflife: 0.0
=============================================================
 (5) Calibration targets                                     
    dlogC local mean: 0.004838716563952492
    dlogC local vol : 0.00477037807203067
    dlogK local vol : 0.004770363248409215
    C/I ratio:        0.5730964263775399
    I/K ratio:        0.03178444846183616
    dlogC_wc mean   : 0.004156493388047306
    riskfree rate   : 0.006145051206193545
=============================================================
